Using pre-set license

 COMMAND LINE ARGUMENTS:
/Applications/Unity/Hub/Editor/2021.1.0b2/Unity.app/Contents/MacOS/Unity
-adb2
-batchMode
-noUpm
-name
AssetImportWorker0
-projectPath
/Users/tobyjohnson/GitHub/stronger-together/Stronger Together
-logFile
Logs/AssetImportWorker0.log
-srvPort
61040
Successfully changed project path to: /Users/tobyjohnson/GitHub/stronger-together/Stronger Together
/Users/tobyjohnson/GitHub/stronger-together/Stronger Together
Using Asset Import Pipeline V2.
Refreshing native plugins compatible for Editor in 193.10 ms, found 2 plugins.
Preloading 0 native plugins for Editor in 0.00 ms.
Initialize engine version: 2021.1.0b2 (1e651ea6a5c1)
[Subsystems] Discovering subsystems at path /Applications/Unity/Hub/Editor/2021.1.0b2/Unity.app/Contents/Resources/UnitySubsystems
[Subsystems] Discovering subsystems at path /Users/tobyjohnson/GitHub/stronger-together/Stronger Together/Assets
GfxDevice: creating device client; threaded=0; jobified=0
2021-02-14 15:00:43.103 Unity[46210:13692460] Color LCD preferred device: Intel Iris Graphics (low power)
2021-02-14 15:00:43.103 Unity[46210:13692460] Metal devices available: 1
2021-02-14 15:00:43.103 Unity[46210:13692460] 0: Intel Iris Graphics (low power)
2021-02-14 15:00:43.104 Unity[46210:13692460] Using device Intel Iris Graphics (low power)
Initializing Metal device caps: Intel Iris Graphics
Initialize mono
Mono path[0] = '/Applications/Unity/Hub/Editor/2021.1.0b2/Unity.app/Contents/Managed'
Mono path[1] = '/Applications/Unity/Hub/Editor/2021.1.0b2/Unity.app/Contents/MonoBleedingEdge/lib/mono/unityjit'
Mono config path = '/Applications/Unity/Hub/Editor/2021.1.0b2/Unity.app/Contents/MonoBleedingEdge/etc'
Using monoOptions --debugger-agent=transport=dt_socket,embedding=1,server=y,suspend=n,address=127.0.0.1:56210
Begin MonoManager ReloadAssembly
Registering precompiled unity dll's ...
Register platform support module: /Applications/Unity/Hub/Editor/2021.1.0b2/PlaybackEngines/WebGLSupport/UnityEditor.WebGL.Extensions.dll
Register platform support module: /Applications/Unity/Hub/Editor/2021.1.0b2/Unity.app/Contents/PlaybackEngines/MacStandaloneSupport/UnityEditor.OSXStandalone.Extensions.dll
Register platform support module: /Applications/Unity/Hub/Editor/2021.1.0b2/PlaybackEngines/WindowsStandaloneSupport/UnityEditor.WindowsStandalone.Extensions.dll
Register platform support module: /Applications/Unity/Hub/Editor/2021.1.0b2/PlaybackEngines/LinuxStandaloneSupport/UnityEditor.LinuxStandalone.Extensions.dll
Registered in 0.004787 seconds.
Native extension for LinuxStandalone target not found
Native extension for WindowsStandalone target not found
Native extension for OSXStandalone target not found
Native extension for WebGL target not found
Refreshing native plugins compatible for Editor in 188.38 ms, found 2 plugins.
Preloading 0 native plugins for Editor in 0.00 ms.
Mono: successfully reloaded assembly
- Completed reload, in  5.472 seconds
Platform modules already initialized, skipping
Registering precompiled user dll's ...
Registered in 0.007433 seconds.
Begin MonoManager ReloadAssembly
Native extension for LinuxStandalone target not found
Native extension for WindowsStandalone target not found
Native extension for OSXStandalone target not found
Native extension for WebGL target not found
Refreshing native plugins compatible for Editor in 167.89 ms, found 2 plugins.
Preloading 0 native plugins for Editor in 0.00 ms.
Mono: successfully reloaded assembly
- Completed reload, in  2.432 seconds
Platform modules already initialized, skipping
========================================================================
Worker process is ready to serve import requests
Launching external process: /Applications/Unity/Hub/Editor/2021.1.0b2/Unity.app/Contents/Tools/UnityShaderCompiler
Launched and connected shader compiler UnityShaderCompiler after 0.06 seconds
Refreshing native plugins compatible for Editor in 1.74 ms, found 2 plugins.
Preloading 0 native plugins for Editor in 0.00 ms.
Unloading 3498 Unused Serialized files (Serialized files now loaded: 0)
System memory in use before: 342.2 MB.
System memory in use after: 342.3 MB.

Unloading 31 unused Assets to reduce memory usage. Loaded Objects now: 3946.
Total: 7.119587 ms (FindLiveObjects: 0.813967 ms CreateObjectMapping: 0.553121 ms MarkObjects: 5.464644 ms  DeleteObjects: 0.282607 ms)

========================================================================
Received Import Request.
  path: Assets/Scenes/SampleScene.unity
  artifactKey: Guid(2cda990e2423bbf4892e6590ba056729) Importer(815301076,1909f56bfc062723c751e8b465ee728b)
Start importing Assets/Scenes/SampleScene.unity using Guid(2cda990e2423bbf4892e6590ba056729) Importer(815301076,1909f56bfc062723c751e8b465ee728b)  -> (artifact id: 'a585d2f9e20ed03b3863d66c8f439ef7') in 0.038239 seconds 
========================================================================
Received Prepare
Registering precompiled user dll's ...
Registered in 0.015438 seconds.
Begin MonoManager ReloadAssembly
Native extension for LinuxStandalone target not found
Native extension for WindowsStandalone target not found
Native extension for OSXStandalone target not found
Native extension for WebGL target not found
Refreshing native plugins compatible for Editor in 0.76 ms, found 2 plugins.
Preloading 0 native plugins for Editor in 0.00 ms.
Mono: successfully reloaded assembly
- Completed reload, in  2.300 seconds
Platform modules already initialized, skipping
Refreshing native plugins compatible for Editor in 0.87 ms, found 2 plugins.
Preloading 0 native plugins for Editor in 0.00 ms.
Unloading 3491 Unused Serialized files (Serialized files now loaded: 0)
System memory in use before: 342.6 MB.
System memory in use after: 342.8 MB.

Unloading 19 unused Assets to reduce memory usage. Loaded Objects now: 3949.
Total: 10.653123 ms (FindLiveObjects: 0.960391 ms CreateObjectMapping: 0.202878 ms MarkObjects: 9.295879 ms  DeleteObjects: 0.191548 ms)

========================================================================
Received Prepare
Registering precompiled user dll's ...
Registered in 0.018677 seconds.
Begin MonoManager ReloadAssembly
Native extension for LinuxStandalone target not found
Native extension for WindowsStandalone target not found
Native extension for OSXStandalone target not found
Native extension for WebGL target not found
Refreshing native plugins compatible for Editor in 1.79 ms, found 2 plugins.
Preloading 0 native plugins for Editor in 0.00 ms.
Mono: successfully reloaded assembly
- Completed reload, in  3.240 seconds
Platform modules already initialized, skipping
Refreshing native plugins compatible for Editor in 1.16 ms, found 2 plugins.
Preloading 0 native plugins for Editor in 0.00 ms.
Unloading 3491 Unused Serialized files (Serialized files now loaded: 0)
System memory in use before: 343.1 MB.
System memory in use after: 343.2 MB.

Unloading 19 unused Assets to reduce memory usage. Loaded Objects now: 3952.
Total: 5.553785 ms (FindLiveObjects: 0.679520 ms CreateObjectMapping: 0.606304 ms MarkObjects: 4.115606 ms  DeleteObjects: 0.149292 ms)

========================================================================
Received Import Request.
  Time since last request: 2037.944354 seconds.
  path: Assets/Scripts/PlayerController.cs
  artifactKey: Guid(009bd4f8566be400a9d82568dcb0d2fa) Importer(815301076,1909f56bfc062723c751e8b465ee728b)
Start importing Assets/Scripts/PlayerController.cs using Guid(009bd4f8566be400a9d82568dcb0d2fa) Importer(815301076,1909f56bfc062723c751e8b465ee728b)  -> (artifact id: '80bef01fe84ce54804670275667b1b3a') in 5.494713 seconds 
========================================================================
Received Prepare
Registering precompiled user dll's ...
Registered in 0.003158 seconds.
Begin MonoManager ReloadAssembly
Native extension for LinuxStandalone target not found
Native extension for WindowsStandalone target not found
Native extension for OSXStandalone target not found
Native extension for WebGL target not found
Refreshing native plugins compatible for Editor in 0.75 ms, found 2 plugins.
Preloading 0 native plugins for Editor in 0.00 ms.
Mono: successfully reloaded assembly
- Completed reload, in  2.106 seconds
Platform modules already initialized, skipping
Refreshing native plugins compatible for Editor in 0.76 ms, found 2 plugins.
Preloading 0 native plugins for Editor in 0.00 ms.
Unloading 3491 Unused Serialized files (Serialized files now loaded: 0)
System memory in use before: 347.9 MB.
System memory in use after: 348.0 MB.

Unloading 19 unused Assets to reduce memory usage. Loaded Objects now: 3955.
Total: 3.624844 ms (FindLiveObjects: 0.418497 ms CreateObjectMapping: 0.202542 ms MarkObjects: 2.842052 ms  DeleteObjects: 0.158239 ms)

========================================================================
Received Prepare
Registering precompiled user dll's ...
Registered in 0.009320 seconds.
Begin MonoManager ReloadAssembly
Native extension for LinuxStandalone target not found
Native extension for WindowsStandalone target not found
Native extension for OSXStandalone target not found
Native extension for WebGL target not found
Refreshing native plugins compatible for Editor in 2.26 ms, found 2 plugins.
Preloading 0 native plugins for Editor in 0.00 ms.
Mono: successfully reloaded assembly
- Completed reload, in  4.532 seconds
Platform modules already initialized, skipping
Refreshing native plugins compatible for Editor in 1.59 ms, found 2 plugins.
Preloading 0 native plugins for Editor in 0.00 ms.
Unloading 3491 Unused Serialized files (Serialized files now loaded: 0)
System memory in use before: 348.3 MB.
System memory in use after: 348.4 MB.

Unloading 19 unused Assets to reduce memory usage. Loaded Objects now: 3958.
Total: 8.300902 ms (FindLiveObjects: 0.937579 ms CreateObjectMapping: 0.505023 ms MarkObjects: 5.884607 ms  DeleteObjects: 0.966261 ms)

========================================================================
Received Prepare
Registering precompiled user dll's ...
Registered in 0.004480 seconds.
Begin MonoManager ReloadAssembly
Native extension for LinuxStandalone target not found
Native extension for WindowsStandalone target not found
Native extension for OSXStandalone target not found
Native extension for WebGL target not found
Refreshing native plugins compatible for Editor in 3.89 ms, found 2 plugins.
Preloading 0 native plugins for Editor in 0.00 ms.
Mono: successfully reloaded assembly
- Completed reload, in  4.838 seconds
Platform modules already initialized, skipping
Refreshing native plugins compatible for Editor in 3.11 ms, found 2 plugins.
Preloading 0 native plugins for Editor in 0.00 ms.
Unloading 3491 Unused Serialized files (Serialized files now loaded: 0)
System memory in use before: 348.7 MB.
System memory in use after: 348.8 MB.

Unloading 19 unused Assets to reduce memory usage. Loaded Objects now: 3961.
Total: 16.381194 ms (FindLiveObjects: 0.454351 ms CreateObjectMapping: 0.356052 ms MarkObjects: 15.041352 ms  DeleteObjects: 0.525185 ms)

========================================================================
Received Prepare
Registering precompiled user dll's ...
Registered in 0.003970 seconds.
Begin MonoManager ReloadAssembly
Native extension for LinuxStandalone target not found
Native extension for WindowsStandalone target not found
Native extension for OSXStandalone target not found
Native extension for WebGL target not found
Refreshing native plugins compatible for Editor in 0.79 ms, found 2 plugins.
Preloading 0 native plugins for Editor in 0.00 ms.
Mono: successfully reloaded assembly
- Completed reload, in  2.008 seconds
Platform modules already initialized, skipping
Refreshing native plugins compatible for Editor in 0.87 ms, found 2 plugins.
Preloading 0 native plugins for Editor in 0.00 ms.
Unloading 3491 Unused Serialized files (Serialized files now loaded: 0)
System memory in use before: 349.1 MB.
System memory in use after: 349.2 MB.

Unloading 19 unused Assets to reduce memory usage. Loaded Objects now: 3964.
Total: 7.127566 ms (FindLiveObjects: 0.345749 ms CreateObjectMapping: 0.205710 ms MarkObjects: 6.089595 ms  DeleteObjects: 0.481542 ms)

========================================================================
Received Prepare
Registering precompiled user dll's ...
Registered in 0.003285 seconds.
Begin MonoManager ReloadAssembly
Native extension for LinuxStandalone target not found
Native extension for WindowsStandalone target not found
Native extension for OSXStandalone target not found
Native extension for WebGL target not found
Refreshing native plugins compatible for Editor in 0.76 ms, found 2 plugins.
Preloading 0 native plugins for Editor in 0.00 ms.
Mono: successfully reloaded assembly
- Completed reload, in  1.744 seconds
Platform modules already initialized, skipping
Refreshing native plugins compatible for Editor in 0.80 ms, found 2 plugins.
Preloading 0 native plugins for Editor in 0.00 ms.
Unloading 3491 Unused Serialized files (Serialized files now loaded: 0)
System memory in use before: 349.5 MB.
System memory in use after: 349.6 MB.

Unloading 19 unused Assets to reduce memory usage. Loaded Objects now: 3967.
Total: 3.601098 ms (FindLiveObjects: 0.502773 ms CreateObjectMapping: 0.230277 ms MarkObjects: 2.746610 ms  DeleteObjects: 0.120183 ms)

========================================================================
Received Prepare
Registering precompiled user dll's ...
Registered in 0.004256 seconds.
Begin MonoManager ReloadAssembly
Native extension for LinuxStandalone target not found
Native extension for WindowsStandalone target not found
Native extension for OSXStandalone target not found
Native extension for WebGL target not found
Refreshing native plugins compatible for Editor in 0.79 ms, found 2 plugins.
Preloading 0 native plugins for Editor in 0.00 ms.
Mono: successfully reloaded assembly
- Completed reload, in  1.723 seconds
Platform modules already initialized, skipping
Refreshing native plugins compatible for Editor in 0.72 ms, found 2 plugins.
Preloading 0 native plugins for Editor in 0.00 ms.
Unloading 3491 Unused Serialized files (Serialized files now loaded: 0)
System memory in use before: 349.9 MB.
System memory in use after: 350.0 MB.

Unloading 19 unused Assets to reduce memory usage. Loaded Objects now: 3970.
Total: 4.063503 ms (FindLiveObjects: 0.447153 ms CreateObjectMapping: 0.364294 ms MarkObjects: 3.110491 ms  DeleteObjects: 0.138337 ms)

========================================================================
Received Prepare
Registering precompiled user dll's ...
Registered in 0.002986 seconds.
Begin MonoManager ReloadAssembly
Native extension for LinuxStandalone target not found
Native extension for WindowsStandalone target not found
Native extension for OSXStandalone target not found
Native extension for WebGL target not found
Refreshing native plugins compatible for Editor in 0.76 ms, found 2 plugins.
Preloading 0 native plugins for Editor in 0.00 ms.
Mono: successfully reloaded assembly
- Completed reload, in  1.689 seconds
Platform modules already initialized, skipping
Refreshing native plugins compatible for Editor in 0.75 ms, found 2 plugins.
Preloading 0 native plugins for Editor in 0.00 ms.
Unloading 3491 Unused Serialized files (Serialized files now loaded: 0)
System memory in use before: 350.3 MB.
System memory in use after: 350.4 MB.

Unloading 19 unused Assets to reduce memory usage. Loaded Objects now: 3973.
Total: 4.024134 ms (FindLiveObjects: 0.460663 ms CreateObjectMapping: 0.391917 ms MarkObjects: 3.043272 ms  DeleteObjects: 0.126544 ms)

========================================================================
Received Prepare
Registering precompiled user dll's ...
Registered in 0.012428 seconds.
Begin MonoManager ReloadAssembly
Native extension for LinuxStandalone target not found
Native extension for WindowsStandalone target not found
Native extension for OSXStandalone target not found
Native extension for WebGL target not found
Refreshing native plugins compatible for Editor in 1.44 ms, found 2 plugins.
Preloading 0 native plugins for Editor in 0.00 ms.
Mono: successfully reloaded assembly
- Completed reload, in  5.703 seconds
Platform modules already initialized, skipping
Refreshing native plugins compatible for Editor in 0.79 ms, found 2 plugins.
Preloading 0 native plugins for Editor in 0.00 ms.
Unloading 3491 Unused Serialized files (Serialized files now loaded: 0)
System memory in use before: 350.6 MB.
System memory in use after: 350.8 MB.

Unloading 19 unused Assets to reduce memory usage. Loaded Objects now: 3976.
Total: 5.303084 ms (FindLiveObjects: 0.585229 ms CreateObjectMapping: 0.342291 ms MarkObjects: 4.217683 ms  DeleteObjects: 0.154613 ms)

========================================================================
Received Import Request.
  Time since last request: 5276.163231 seconds.
  path: Packages/com.unity.2d.animation/package.json
  artifactKey: Guid(9e83c20a8293f44ec8a375d3805f477d) Importer(815301076,1909f56bfc062723c751e8b465ee728b)
Start importing Packages/com.unity.2d.animation/package.json using Guid(9e83c20a8293f44ec8a375d3805f477d) Importer(815301076,1909f56bfc062723c751e8b465ee728b)  -> (artifact id: '2c7f1a82bc9ea76a3856d779a3734596') in 4.265331 seconds 
========================================================================
Received Import Request.
  Time since last request: 0.040830 seconds.
  path: Packages/com.unity.2d.sprite/Tests/Editor/Unity.2D.Sprite.Package.EditorTests.asmdef
  artifactKey: Guid(52648b72c7bef2040bf0cfa8dd0f74da) Importer(815301076,1909f56bfc062723c751e8b465ee728b)
Start importing Packages/com.unity.2d.sprite/Tests/Editor/Unity.2D.Sprite.Package.EditorTests.asmdef using Guid(52648b72c7bef2040bf0cfa8dd0f74da) Importer(815301076,1909f56bfc062723c751e8b465ee728b)  -> (artifact id: '9b0d6c811c3027c0d67156020b1bbfa4') in 2.670536 seconds 
========================================================================
Received Import Request.
  Time since last request: 0.028637 seconds.
  path: Packages/com.unity.2d.pixel-perfect/package.json
  artifactKey: Guid(b1c570008ebc15d4183516ca5722a39e) Importer(815301076,1909f56bfc062723c751e8b465ee728b)
Start importing Packages/com.unity.2d.pixel-perfect/package.json using Guid(b1c570008ebc15d4183516ca5722a39e) Importer(815301076,1909f56bfc062723c751e8b465ee728b)  -> (artifact id: 'ed702a3fab34bf872b0517a4bce25ea3') in 0.008107 seconds 
========================================================================
Received Import Request.
  Time since last request: 0.030696 seconds.
  path: Packages/com.unity.cinemachine/package.json
  artifactKey: Guid(7d93e7b7399fbe64790358e67fc94b18) Importer(815301076,1909f56bfc062723c751e8b465ee728b)
Start importing Packages/com.unity.cinemachine/package.json using Guid(7d93e7b7399fbe64790358e67fc94b18) Importer(815301076,1909f56bfc062723c751e8b465ee728b)  -> (artifact id: 'ad6a1acc0ab7731960291cf8b6811298') in 0.005946 seconds 
========================================================================
Received Import Request.
  Time since last request: 0.069687 seconds.
  path: Packages/com.unity.ide.visualstudio/package.json
  artifactKey: Guid(656f74f6edaa396458412b9e3903d8cd) Importer(815301076,1909f56bfc062723c751e8b465ee728b)
Start importing Packages/com.unity.ide.visualstudio/package.json using Guid(656f74f6edaa396458412b9e3903d8cd) Importer(815301076,1909f56bfc062723c751e8b465ee728b)  -> (artifact id: '972e5c9def82c77399f637aa45c7e6e5') in 0.007377 seconds 
========================================================================
Received Import Request.
  Time since last request: 0.095689 seconds.
  path: Packages/com.unity.collab-proxy/package.json
  artifactKey: Guid(743fda8c4b219c8429fb5a77ede1c879) Importer(815301076,1909f56bfc062723c751e8b465ee728b)
Start importing Packages/com.unity.collab-proxy/package.json using Guid(743fda8c4b219c8429fb5a77ede1c879) Importer(815301076,1909f56bfc062723c751e8b465ee728b)  -> (artifact id: '5c693d67b987983ff91642430ca63188') in 0.015583 seconds 
========================================================================
Received Import Request.
  Time since last request: 0.099189 seconds.
  path: Packages/com.unity.2d.common/package.json
  artifactKey: Guid(68f1917ec3cac45b080c26153375c2bb) Importer(815301076,1909f56bfc062723c751e8b465ee728b)
Start importing Packages/com.unity.2d.common/package.json using Guid(68f1917ec3cac45b080c26153375c2bb) Importer(815301076,1909f56bfc062723c751e8b465ee728b)  -> (artifact id: '58afec47914cf4301060986cc9e4bf87') in 0.006366 seconds 
========================================================================
Received Import Request.
  Time since last request: 0.035848 seconds.
  path: Packages/com.unity.test-framework/package.json
  artifactKey: Guid(d6a2e6e4803de7b43baacdc355fc144d) Importer(815301076,1909f56bfc062723c751e8b465ee728b)
Start importing Packages/com.unity.test-framework/package.json using Guid(d6a2e6e4803de7b43baacdc355fc144d) Importer(815301076,1909f56bfc062723c751e8b465ee728b)  -> (artifact id: 'f259472cd444d4bd76955b5495179482') in 0.011621 seconds 
========================================================================
Received Import Request.
  Time since last request: 0.031557 seconds.
  path: Packages/com.unity.2d.tilemap/Tests/Editor/Unity.2D.Tilemap.Package.EditorTests.asmdef
  artifactKey: Guid(8ce1fc14411aade4b81c0e6dd86950be) Importer(815301076,1909f56bfc062723c751e8b465ee728b)
Start importing Packages/com.unity.2d.tilemap/Tests/Editor/Unity.2D.Tilemap.Package.EditorTests.asmdef using Guid(8ce1fc14411aade4b81c0e6dd86950be) Importer(815301076,1909f56bfc062723c751e8b465ee728b)  -> (artifact id: '2ded167e4edde950610e1dd162b5219c') in 0.003645 seconds 
========================================================================
Received Import Request.
  Time since last request: 0.029666 seconds.
  path: Packages/com.unity.2d.path/package.json
  artifactKey: Guid(990785fe75c54584ab4201a3e20e1655) Importer(815301076,1909f56bfc062723c751e8b465ee728b)
Start importing Packages/com.unity.2d.path/package.json using Guid(990785fe75c54584ab4201a3e20e1655) Importer(815301076,1909f56bfc062723c751e8b465ee728b)  -> (artifact id: '6d369f28d45d4db465d9de602d78ab1d') in 0.006466 seconds 
========================================================================
Received Import Request.
  Time since last request: 0.033612 seconds.
  path: Packages/com.unity.textmeshpro/package.json
  artifactKey: Guid(220e9325710f4235a43492dd1ee4980d) Importer(815301076,1909f56bfc062723c751e8b465ee728b)
Start importing Packages/com.unity.textmeshpro/package.json using Guid(220e9325710f4235a43492dd1ee4980d) Importer(815301076,1909f56bfc062723c751e8b465ee728b)  -> (artifact id: '408a9641985c672755cb5909a9e34076') in 0.004747 seconds 
========================================================================
Received Import Request.
  Time since last request: 0.063720 seconds.
  path: Packages/com.unity.ide.vscode/package.json
  artifactKey: Guid(ffc6271f08270b64ca0aae9c49235d81) Importer(815301076,1909f56bfc062723c751e8b465ee728b)
Start importing Packages/com.unity.ide.vscode/package.json using Guid(ffc6271f08270b64ca0aae9c49235d81) Importer(815301076,1909f56bfc062723c751e8b465ee728b)  -> (artifact id: 'eee2c090a1ea06339788c563a7e29dc9') in 0.037106 seconds 
========================================================================
Received Import Request.
  Time since last request: 0.060311 seconds.
  path: Packages/com.unity.2d.tilemap/package.json
  artifactKey: Guid(51797d68d3132bb419217a229e09fc47) Importer(815301076,1909f56bfc062723c751e8b465ee728b)
Start importing Packages/com.unity.2d.tilemap/package.json using Guid(51797d68d3132bb419217a229e09fc47) Importer(815301076,1909f56bfc062723c751e8b465ee728b)  -> (artifact id: '9a8ab7455a329925a568490500ae6501') in 0.026306 seconds 
========================================================================
Received Import Request.
  Time since last request: 0.094772 seconds.
  path: Packages/com.unity.visualscripting/package.json
  artifactKey: Guid(545a9d2bc7370224f8d14c22f2f580e0) Importer(815301076,1909f56bfc062723c751e8b465ee728b)
Start importing Packages/com.unity.visualscripting/package.json using Guid(545a9d2bc7370224f8d14c22f2f580e0) Importer(815301076,1909f56bfc062723c751e8b465ee728b)  -> (artifact id: '0efb9683cfc3f18a0f4c042ae8208a69') in 0.009195 seconds 
========================================================================
Received Import Request.
  Time since last request: 0.051182 seconds.
  path: Packages/com.unity.ext.nunit/package.json
  artifactKey: Guid(8143d3a8390f2c64685e3bc272bd9e90) Importer(815301076,1909f56bfc062723c751e8b465ee728b)
Start importing Packages/com.unity.ext.nunit/package.json using Guid(8143d3a8390f2c64685e3bc272bd9e90) Importer(815301076,1909f56bfc062723c751e8b465ee728b)  -> (artifact id: '947f694ee93cd8ed7469d777378c9c18') in 0.151063 seconds 
========================================================================
Received Import Request.
  Time since last request: 0.049488 seconds.
  path: Packages/com.unity.2d.psdimporter/package.json
  artifactKey: Guid(2f948ecb81c850949a2725b1ba265844) Importer(815301076,1909f56bfc062723c751e8b465ee728b)
Start importing Packages/com.unity.2d.psdimporter/package.json using Guid(2f948ecb81c850949a2725b1ba265844) Importer(815301076,1909f56bfc062723c751e8b465ee728b)  -> (artifact id: '0831ec0eda8c3ea7aaed6f3a79e0dd86') in 0.028530 seconds 
========================================================================
Received Import Request.
  Time since last request: 0.055771 seconds.
  path: Packages/com.unity.ugui/package.json
  artifactKey: Guid(319b8889f363f5947acf209c17a94149) Importer(815301076,1909f56bfc062723c751e8b465ee728b)
Start importing Packages/com.unity.ugui/package.json using Guid(319b8889f363f5947acf209c17a94149) Importer(815301076,1909f56bfc062723c751e8b465ee728b)  -> (artifact id: 'dc43f891e8d94ff025b88c10b09c0b9b') in 0.010320 seconds 
========================================================================
Received Import Request.
  Time since last request: 0.059858 seconds.
  path: Packages/com.unity.timeline/package.json
  artifactKey: Guid(13a9c1b4df2e489e8eb9cacca7429596) Importer(815301076,1909f56bfc062723c751e8b465ee728b)
Start importing Packages/com.unity.timeline/package.json using Guid(13a9c1b4df2e489e8eb9cacca7429596) Importer(815301076,1909f56bfc062723c751e8b465ee728b)  -> (artifact id: '839cc424da72f28a7663c60efd06b793') in 0.007429 seconds 
========================================================================
Received Import Request.
  Time since last request: 0.051444 seconds.
  path: Packages/com.unity.ide.rider/package.json
  artifactKey: Guid(66c95bb3c74257f41bae2622511dc02d) Importer(815301076,1909f56bfc062723c751e8b465ee728b)
Start importing Packages/com.unity.ide.rider/package.json using Guid(66c95bb3c74257f41bae2622511dc02d) Importer(815301076,1909f56bfc062723c751e8b465ee728b)  -> (artifact id: '401cd395cd08d019262081280d12d0ea') in 0.012772 seconds 
========================================================================
Received Import Request.
  Time since last request: 0.067456 seconds.
  path: Packages/com.unity.2d.sprite/package.json
  artifactKey: Guid(7dc5f1e5d04ac8549ac21802071e983b) Importer(815301076,1909f56bfc062723c751e8b465ee728b)
Start importing Packages/com.unity.2d.sprite/package.json using Guid(7dc5f1e5d04ac8549ac21802071e983b) Importer(815301076,1909f56bfc062723c751e8b465ee728b)  -> (artifact id: 'dc19cbec74f03c97f65e93697d4c65b5') in 0.005529 seconds 
========================================================================
Received Import Request.
  Time since last request: 0.048464 seconds.
  path: Packages/com.unity.mathematics/package.json
  artifactKey: Guid(d34d0af25c21141a98c0cf3c0066444f) Importer(815301076,1909f56bfc062723c751e8b465ee728b)
Start importing Packages/com.unity.mathematics/package.json using Guid(d34d0af25c21141a98c0cf3c0066444f) Importer(815301076,1909f56bfc062723c751e8b465ee728b)  -> (artifact id: 'a0b6b5d047f48d0dc6171e8644d9282b') in 0.014664 seconds 
========================================================================
Received Import Request.
  Time since last request: 0.053428 seconds.
  path: Packages/com.unity.2d.spriteshape/package.json
  artifactKey: Guid(4eabc3d1ad1424372b03cfc117521e24) Importer(815301076,1909f56bfc062723c751e8b465ee728b)
Start importing Packages/com.unity.2d.spriteshape/package.json using Guid(4eabc3d1ad1424372b03cfc117521e24) Importer(815301076,1909f56bfc062723c751e8b465ee728b)  -> (artifact id: '0b6fb29ec9b0d5977a82223172914906') in 0.006881 seconds 
========================================================================
Received Import Request.
  Time since last request: 0.750362 seconds.
  path: Packages/com.unity.cinemachine/Presets/Noise/6D Shake.asset
  artifactKey: Guid(69ce8388f6785dd4c8c39915efece2f4) Importer(815301076,1909f56bfc062723c751e8b465ee728b)
Start importing Packages/com.unity.cinemachine/Presets/Noise/6D Shake.asset using Guid(69ce8388f6785dd4c8c39915efece2f4) Importer(815301076,1909f56bfc062723c751e8b465ee728b)  -> (artifact id: '08e2730be50434263f246059e118cc51') in 0.853553 seconds 
========================================================================
Received Import Request.
  Time since last request: 0.034712 seconds.
  path: Packages/com.unity.visualscripting/Editor/VisualScripting.Core/EditorAssetResources/Icons/Enums/Ludiq.AlignOperation/AlignRightEdges@16x.png
  artifactKey: Guid(7632504abc1984bfc84eab253917eaa4) Importer(815301076,1909f56bfc062723c751e8b465ee728b)
Start importing Packages/com.unity.visualscripting/Editor/VisualScripting.Core/EditorAssetResources/Icons/Enums/Ludiq.AlignOperation/AlignRightEdges@16x.png using Guid(7632504abc1984bfc84eab253917eaa4) Importer(815301076,1909f56bfc062723c751e8b465ee728b)  -> (artifact id: '5bde302481a80e3ff99411bcab87e86e') in 2.368647 seconds 
========================================================================
Received Import Request.
  Time since last request: 0.034854 seconds.
  path: Packages/com.unity.visualscripting/Editor/VisualScripting.Core/EditorAssetResources/Icons/Enums/Ludiq.AlignOperation/AlignCenters@32x.png
  artifactKey: Guid(e4721038085874fa0ac212a7d4c43f87) Importer(815301076,1909f56bfc062723c751e8b465ee728b)
Start importing Packages/com.unity.visualscripting/Editor/VisualScripting.Core/EditorAssetResources/Icons/Enums/Ludiq.AlignOperation/AlignCenters@32x.png using Guid(e4721038085874fa0ac212a7d4c43f87) Importer(815301076,1909f56bfc062723c751e8b465ee728b)  -> (artifact id: '0cb4ad59c95ec3584b5135b802a555f5') in 0.022768 seconds 
========================================================================
Received Import Request.
  Time since last request: 0.037962 seconds.
  path: Packages/com.unity.visualscripting/Editor/VisualScripting.Core/EditorAssetResources/Icons/Enums/Ludiq.AlignOperation/AlignTopEdges@16x.png
  artifactKey: Guid(4a01758a031104b43aa2ad7be1814186) Importer(815301076,1909f56bfc062723c751e8b465ee728b)
Start importing Packages/com.unity.visualscripting/Editor/VisualScripting.Core/EditorAssetResources/Icons/Enums/Ludiq.AlignOperation/AlignTopEdges@16x.png using Guid(4a01758a031104b43aa2ad7be1814186) Importer(815301076,1909f56bfc062723c751e8b465ee728b)  -> (artifact id: '98064491ef564ffb270887dd7c888457') in 0.017516 seconds 
========================================================================
Received Import Request.
  Time since last request: 0.031734 seconds.
  path: Packages/com.unity.visualscripting/Editor/VisualScripting.Core/EditorAssetResources/Icons/Enums/Ludiq.AlignOperation/AlignBottomEdges@32x.png
  artifactKey: Guid(89f403df838b4446fa597d78522ec641) Importer(815301076,1909f56bfc062723c751e8b465ee728b)
Start importing Packages/com.unity.visualscripting/Editor/VisualScripting.Core/EditorAssetResources/Icons/Enums/Ludiq.AlignOperation/AlignBottomEdges@32x.png using Guid(89f403df838b4446fa597d78522ec641) Importer(815301076,1909f56bfc062723c751e8b465ee728b)  -> (artifact id: '83e71208a1ac514a7c22cb1d035210ee') in 0.014539 seconds 
========================================================================
Received Import Request.
  Time since last request: 0.027146 seconds.
  path: Packages/com.unity.2d.sprite/Editor/ObjectMenuCreation/DefaultAssets/Textures/9-Sliced.png
  artifactKey: Guid(cc35afd292fc349128b36a291fb3a165) Importer(815301076,1909f56bfc062723c751e8b465ee728b)
Start importing Packages/com.unity.2d.sprite/Editor/ObjectMenuCreation/DefaultAssets/Textures/9-Sliced.png using Guid(cc35afd292fc349128b36a291fb3a165) Importer(815301076,1909f56bfc062723c751e8b465ee728b)  -> (artifact id: 'f0d5f4d802770a891919cd63bec6ec1d') in 0.240830 seconds 
========================================================================
Received Import Request.
  Time since last request: 0.067436 seconds.
  path: Packages/com.unity.visualscripting/Editor/VisualScripting.Core/EditorAssetResources/Icons/Windows/AboutWindow/AboutPluginsPage@32x.png
  artifactKey: Guid(b9d75ee465bf243539414eab3b94ff02) Importer(815301076,1909f56bfc062723c751e8b465ee728b)
Start importing Packages/com.unity.visualscripting/Editor/VisualScripting.Core/EditorAssetResources/Icons/Windows/AboutWindow/AboutPluginsPage@32x.png using Guid(b9d75ee465bf243539414eab3b94ff02) Importer(815301076,1909f56bfc062723c751e8b465ee728b)  -> (artifact id: 'df69aacbbf7b5228d9a3456324c5f215') in 0.019685 seconds 
========================================================================
Received Import Request.
  Time since last request: 0.055390 seconds.
  path: Packages/com.unity.visualscripting/Editor/VisualScripting.Core/EditorAssetResources/Icons/Enums/Ludiq.AlignOperation/AlignMiddles@32x.png
  artifactKey: Guid(ca82df765092146728da23eb32676eb1) Importer(815301076,1909f56bfc062723c751e8b465ee728b)
Start importing Packages/com.unity.visualscripting/Editor/VisualScripting.Core/EditorAssetResources/Icons/Enums/Ludiq.AlignOperation/AlignMiddles@32x.png using Guid(ca82df765092146728da23eb32676eb1) Importer(815301076,1909f56bfc062723c751e8b465ee728b)  -> (artifact id: '71659d244c2aa407f2d612490f179977') in 0.027344 seconds 
========================================================================
Received Import Request.
  Time since last request: 0.033564 seconds.
  path: Packages/com.unity.visualscripting/Editor/VisualScripting.Core/EditorAssetResources/Icons/Enums/Ludiq.AlignOperation/AlignTopEdges@32x.png
  artifactKey: Guid(ff6686f5773764ebbaf5d639fcad7cd6) Importer(815301076,1909f56bfc062723c751e8b465ee728b)
Start importing Packages/com.unity.visualscripting/Editor/VisualScripting.Core/EditorAssetResources/Icons/Enums/Ludiq.AlignOperation/AlignTopEdges@32x.png using Guid(ff6686f5773764ebbaf5d639fcad7cd6) Importer(815301076,1909f56bfc062723c751e8b465ee728b)  -> (artifact id: '67aa0402cc8270fe8956dd0949d14a1a') in 0.026058 seconds 
========================================================================
Received Import Request.
  Time since last request: 0.068459 seconds.
  path: Packages/com.unity.visualscripting/Editor/VisualScripting.Core/EditorAssetResources/Icons/Enums/Ludiq.AlignOperation/AlignMiddles@16x.png
  artifactKey: Guid(9ec2e27b1f96d43548b8ac8d77ec7639) Importer(815301076,1909f56bfc062723c751e8b465ee728b)
Start importing Packages/com.unity.visualscripting/Editor/VisualScripting.Core/EditorAssetResources/Icons/Enums/Ludiq.AlignOperation/AlignMiddles@16x.png using Guid(9ec2e27b1f96d43548b8ac8d77ec7639) Importer(815301076,1909f56bfc062723c751e8b465ee728b)  -> (artifact id: '32f336ec3ae748b685bc05d8c8981eff') in 0.022136 seconds 
========================================================================
Received Import Request.
  Time since last request: 0.044401 seconds.
  path: Packages/com.unity.visualscripting/Editor/VisualScripting.Core/EditorAssetResources/Icons/Enums/Ludiq.AlignOperation/AlignBottomEdges@16x.png
  artifactKey: Guid(607fe60e3e91c4530a8ae8f2eec44691) Importer(815301076,1909f56bfc062723c751e8b465ee728b)
Start importing Packages/com.unity.visualscripting/Editor/VisualScripting.Core/EditorAssetResources/Icons/Enums/Ludiq.AlignOperation/AlignBottomEdges@16x.png using Guid(607fe60e3e91c4530a8ae8f2eec44691) Importer(815301076,1909f56bfc062723c751e8b465ee728b)  -> (artifact id: '9fd76b50072df7e3602022b53cb9e4c2') in 0.022328 seconds 
========================================================================
Received Import Request.
  Time since last request: 0.076687 seconds.
  path: Packages/com.unity.visualscripting/Editor/VisualScripting.Core/EditorAssetResources/Icons/Enums/Ludiq.AlignOperation/AlignRightEdges@32x.png
  artifactKey: Guid(d0f1e8d71f41f4b26b50728a820c7c9a) Importer(815301076,1909f56bfc062723c751e8b465ee728b)
Start importing Packages/com.unity.visualscripting/Editor/VisualScripting.Core/EditorAssetResources/Icons/Enums/Ludiq.AlignOperation/AlignRightEdges@32x.png using Guid(d0f1e8d71f41f4b26b50728a820c7c9a) Importer(815301076,1909f56bfc062723c751e8b465ee728b)  -> (artifact id: '92e5b50cc6df69342def22c6ea26097d') in 0.021516 seconds 
========================================================================
Received Import Request.
  Time since last request: 0.109301 seconds.
  path: Packages/com.unity.visualscripting/Editor/VisualScripting.Core/EditorAssetResources/Icons/Enums/Ludiq.AlignOperation/AlignCenters@16x.png
  artifactKey: Guid(ab081a167fd3a4a62b949008d0bac491) Importer(815301076,1909f56bfc062723c751e8b465ee728b)
Start importing Packages/com.unity.visualscripting/Editor/VisualScripting.Core/EditorAssetResources/Icons/Enums/Ludiq.AlignOperation/AlignCenters@16x.png using Guid(ab081a167fd3a4a62b949008d0bac491) Importer(815301076,1909f56bfc062723c751e8b465ee728b)  -> (artifact id: 'bc625d6ae7acdce48311fe020e0600a0') in 0.020549 seconds 
========================================================================
Received Import Request.
  Time since last request: 0.045870 seconds.
  path: Packages/com.unity.visualscripting/Editor/VisualScripting.Core/EditorAssetResources/Icons/Enums/Ludiq.AlignOperation/AlignLeftEdges@32x.png
  artifactKey: Guid(5178e5beaf61643ebb1511bc7d14145b) Importer(815301076,1909f56bfc062723c751e8b465ee728b)
Start importing Packages/com.unity.visualscripting/Editor/VisualScripting.Core/EditorAssetResources/Icons/Enums/Ludiq.AlignOperation/AlignLeftEdges@32x.png using Guid(5178e5beaf61643ebb1511bc7d14145b) Importer(815301076,1909f56bfc062723c751e8b465ee728b)  -> (artifact id: '475a8c28841b06e17c0fa878e4bb8aed') in 0.031464 seconds 
========================================================================
Received Import Request.
  Time since last request: 0.067576 seconds.
  path: Packages/com.unity.visualscripting/Editor/VisualScripting.Core/EditorAssetResources/Icons/Enums/Ludiq.AlignOperation/AlignLeftEdges@16x.png
  artifactKey: Guid(5d9d41f44ef2545848646efc2892f496) Importer(815301076,1909f56bfc062723c751e8b465ee728b)
Start importing Packages/com.unity.visualscripting/Editor/VisualScripting.Core/EditorAssetResources/Icons/Enums/Ludiq.AlignOperation/AlignLeftEdges@16x.png using Guid(5d9d41f44ef2545848646efc2892f496) Importer(815301076,1909f56bfc062723c751e8b465ee728b)  -> (artifact id: '63d77eddf8bb75d711f70f8b56b2eda0') in 0.021513 seconds 
========================================================================
Received Prepare
Registering precompiled user dll's ...
Registered in 0.011174 seconds.
Begin MonoManager ReloadAssembly
Native extension for LinuxStandalone target not found
Native extension for WindowsStandalone target not found
Native extension for OSXStandalone target not found
Native extension for WebGL target not found
Refreshing native plugins compatible for Editor in 0.85 ms, found 2 plugins.
Preloading 0 native plugins for Editor in 0.00 ms.
Mono: successfully reloaded assembly
- Completed reload, in  2.647 seconds
Platform modules already initialized, skipping
Refreshing native plugins compatible for Editor in 0.99 ms, found 2 plugins.
Preloading 0 native plugins for Editor in 0.00 ms.
Unloading 3505 Unused Serialized files (Serialized files now loaded: 0)
System memory in use before: 378.7 MB.
System memory in use after: 378.8 MB.

Unloading 19 unused Assets to reduce memory usage. Loaded Objects now: 4197.
Total: 4.566040 ms (FindLiveObjects: 0.412202 ms CreateObjectMapping: 0.221847 ms MarkObjects: 3.801083 ms  DeleteObjects: 0.128599 ms)

========================================================================
Received Prepare
Registering precompiled user dll's ...
Registered in 0.007625 seconds.
Begin MonoManager ReloadAssembly
Native extension for LinuxStandalone target not found
Native extension for WindowsStandalone target not found
Native extension for OSXStandalone target not found
Native extension for WebGL target not found
Refreshing native plugins compatible for Editor in 1.06 ms, found 2 plugins.
Preloading 0 native plugins for Editor in 0.00 ms.
Mono: successfully reloaded assembly
- Completed reload, in  5.621 seconds
Platform modules already initialized, skipping
Refreshing native plugins compatible for Editor in 1.34 ms, found 2 plugins.
Preloading 0 native plugins for Editor in 0.00 ms.
Unloading 3494 Unused Serialized files (Serialized files now loaded: 0)
System memory in use before: 377.8 MB.
System memory in use after: 377.9 MB.

Unloading 20 unused Assets to reduce memory usage. Loaded Objects now: 4202.
Total: 8.602545 ms (FindLiveObjects: 2.076968 ms CreateObjectMapping: 0.447279 ms MarkObjects: 4.644768 ms  DeleteObjects: 1.431705 ms)

========================================================================
Received Prepare
Registering precompiled user dll's ...
Registered in 0.004097 seconds.
Begin MonoManager ReloadAssembly
Native extension for LinuxStandalone target not found
Native extension for WindowsStandalone target not found
Native extension for OSXStandalone target not found
Native extension for WebGL target not found
Refreshing native plugins compatible for Editor in 0.83 ms, found 2 plugins.
Preloading 0 native plugins for Editor in 0.00 ms.
Mono: successfully reloaded assembly
- Completed reload, in  2.411 seconds
Platform modules already initialized, skipping
Refreshing native plugins compatible for Editor in 0.76 ms, found 2 plugins.
Preloading 0 native plugins for Editor in 0.00 ms.
Unloading 3495 Unused Serialized files (Serialized files now loaded: 0)
System memory in use before: 378.3 MB.
System memory in use after: 378.4 MB.

Unloading 20 unused Assets to reduce memory usage. Loaded Objects now: 4206.
Total: 4.151504 ms (FindLiveObjects: 0.382028 ms CreateObjectMapping: 0.215208 ms MarkObjects: 3.377610 ms  DeleteObjects: 0.173504 ms)

========================================================================
Received Prepare
Registering precompiled user dll's ...
Registered in 0.005246 seconds.
Begin MonoManager ReloadAssembly
Native extension for LinuxStandalone target not found
Native extension for WindowsStandalone target not found
Native extension for OSXStandalone target not found
Native extension for WebGL target not found
Refreshing native plugins compatible for Editor in 1.00 ms, found 2 plugins.
Preloading 0 native plugins for Editor in 0.00 ms.
Mono: successfully reloaded assembly
- Completed reload, in  3.041 seconds
Platform modules already initialized, skipping
Refreshing native plugins compatible for Editor in 1.24 ms, found 2 plugins.
Preloading 0 native plugins for Editor in 0.00 ms.
Unloading 3495 Unused Serialized files (Serialized files now loaded: 0)
System memory in use before: 378.6 MB.
System memory in use after: 378.8 MB.

Unloading 20 unused Assets to reduce memory usage. Loaded Objects now: 4209.
Total: 6.336424 ms (FindLiveObjects: 0.834155 ms CreateObjectMapping: 0.446290 ms MarkObjects: 3.794720 ms  DeleteObjects: 1.259100 ms)

========================================================================
Received Prepare
Registering precompiled user dll's ...
Registered in 0.019396 seconds.
Begin MonoManager ReloadAssembly
Native extension for LinuxStandalone target not found
Native extension for WindowsStandalone target not found
Native extension for OSXStandalone target not found
Native extension for WebGL target not found
Refreshing native plugins compatible for Editor in 2.81 ms, found 2 plugins.
Preloading 0 native plugins for Editor in 0.00 ms.
Mono: successfully reloaded assembly
- Completed reload, in  3.275 seconds
Platform modules already initialized, skipping
Refreshing native plugins compatible for Editor in 0.92 ms, found 2 plugins.
Preloading 0 native plugins for Editor in 0.00 ms.
Unloading 3495 Unused Serialized files (Serialized files now loaded: 0)
System memory in use before: 379.1 MB.
System memory in use after: 379.2 MB.

Unloading 20 unused Assets to reduce memory usage. Loaded Objects now: 4212.
Total: 4.266932 ms (FindLiveObjects: 0.584422 ms CreateObjectMapping: 0.592180 ms MarkObjects: 2.952430 ms  DeleteObjects: 0.135051 ms)

========================================================================
Received Prepare
Registering precompiled user dll's ...
Registered in 0.004924 seconds.
Begin MonoManager ReloadAssembly
Native extension for LinuxStandalone target not found
Native extension for WindowsStandalone target not found
Native extension for OSXStandalone target not found
Native extension for WebGL target not found
Refreshing native plugins compatible for Editor in 0.75 ms, found 2 plugins.
Preloading 0 native plugins for Editor in 0.00 ms.
Mono: successfully reloaded assembly
- Completed reload, in  2.658 seconds
Platform modules already initialized, skipping
Refreshing native plugins compatible for Editor in 1.61 ms, found 2 plugins.
Preloading 0 native plugins for Editor in 0.00 ms.
Unloading 3495 Unused Serialized files (Serialized files now loaded: 0)
System memory in use before: 379.4 MB.
System memory in use after: 379.6 MB.

Unloading 20 unused Assets to reduce memory usage. Loaded Objects now: 4215.
Total: 9.296079 ms (FindLiveObjects: 0.982017 ms CreateObjectMapping: 0.688874 ms MarkObjects: 7.406662 ms  DeleteObjects: 0.194960 ms)

========================================================================
Received Prepare
Registering precompiled user dll's ...
Registered in 0.011021 seconds.
Begin MonoManager ReloadAssembly
Native extension for LinuxStandalone target not found
Native extension for WindowsStandalone target not found
Native extension for OSXStandalone target not found
Native extension for WebGL target not found
Refreshing native plugins compatible for Editor in 1.09 ms, found 2 plugins.
Preloading 0 native plugins for Editor in 0.00 ms.
Mono: successfully reloaded assembly
- Completed reload, in  3.494 seconds
Platform modules already initialized, skipping
Refreshing native plugins compatible for Editor in 1.04 ms, found 2 plugins.
Preloading 0 native plugins for Editor in 0.00 ms.
Unloading 3495 Unused Serialized files (Serialized files now loaded: 0)
System memory in use before: 379.8 MB.
System memory in use after: 379.9 MB.

Unloading 20 unused Assets to reduce memory usage. Loaded Objects now: 4218.
Total: 6.992839 ms (FindLiveObjects: 0.548436 ms CreateObjectMapping: 0.388087 ms MarkObjects: 5.835674 ms  DeleteObjects: 0.218563 ms)

========================================================================
Received Import Request.
  Time since last request: 2294.317697 seconds.
  path: Assets/Scripts/socketTest.cs
  artifactKey: Guid(739e552519107478893707d02e90010d) Importer(815301076,1909f56bfc062723c751e8b465ee728b)
Start importing Assets/Scripts/socketTest.cs using Guid(739e552519107478893707d02e90010d) Importer(815301076,1909f56bfc062723c751e8b465ee728b)  -> (artifact id: 'd637c0b22f0f63fad483bb83346ae5e4') in 0.052240 seconds 
========================================================================
Received Prepare
Registering precompiled user dll's ...
Registered in 0.003395 seconds.
Begin MonoManager ReloadAssembly
Native extension for LinuxStandalone target not found
Native extension for WindowsStandalone target not found
Native extension for OSXStandalone target not found
Native extension for WebGL target not found
Refreshing native plugins compatible for Editor in 1.21 ms, found 2 plugins.
Preloading 0 native plugins for Editor in 0.00 ms.
Mono: successfully reloaded assembly
- Completed reload, in  2.549 seconds
Platform modules already initialized, skipping
Refreshing native plugins compatible for Editor in 0.82 ms, found 2 plugins.
Preloading 0 native plugins for Editor in 0.00 ms.
Unloading 3495 Unused Serialized files (Serialized files now loaded: 0)
System memory in use before: 379.2 MB.
System memory in use after: 379.4 MB.

Unloading 20 unused Assets to reduce memory usage. Loaded Objects now: 4221.
Total: 4.157392 ms (FindLiveObjects: 0.547397 ms CreateObjectMapping: 0.252930 ms MarkObjects: 3.207941 ms  DeleteObjects: 0.147103 ms)

========================================================================
Received Import Request.
  Time since last request: 76.353609 seconds.
  path: Assets/Scripts/socketTest.cs
  artifactKey: Guid(739e552519107478893707d02e90010d) Importer(815301076,1909f56bfc062723c751e8b465ee728b)
Start importing Assets/Scripts/socketTest.cs using Guid(739e552519107478893707d02e90010d) Importer(815301076,1909f56bfc062723c751e8b465ee728b)  -> (artifact id: 'c4d1965b4720935219d0b8191cda8d6c') in 0.138657 seconds 
========================================================================
Received Prepare
Registering precompiled user dll's ...
Registered in 0.021384 seconds.
Begin MonoManager ReloadAssembly
Native extension for LinuxStandalone target not found
Native extension for WindowsStandalone target not found
Native extension for OSXStandalone target not found
Native extension for WebGL target not found
Refreshing native plugins compatible for Editor in 0.98 ms, found 2 plugins.
Preloading 0 native plugins for Editor in 0.00 ms.
Mono: successfully reloaded assembly
- Completed reload, in  4.582 seconds
Platform modules already initialized, skipping
Refreshing native plugins compatible for Editor in 0.93 ms, found 2 plugins.
Preloading 0 native plugins for Editor in 0.00 ms.
Unloading 3495 Unused Serialized files (Serialized files now loaded: 0)
System memory in use before: 379.6 MB.
System memory in use after: 379.8 MB.

Unloading 20 unused Assets to reduce memory usage. Loaded Objects now: 4224.
Total: 6.776120 ms (FindLiveObjects: 0.760804 ms CreateObjectMapping: 0.500462 ms MarkObjects: 4.140885 ms  DeleteObjects: 1.371206 ms)

========================================================================
Received Import Request.
  Time since last request: 19.068013 seconds.
  path: Packages/com.unity.2d.spriteshape/Editor/ObjectMenuCreation/DefaultAssets/Sprite Shapes/Open Sprite Shape.prefab
  artifactKey: Guid(86ae7de409eb54f619fb1328e4d42480) Importer(815301076,1909f56bfc062723c751e8b465ee728b)
Start importing Packages/com.unity.2d.spriteshape/Editor/ObjectMenuCreation/DefaultAssets/Sprite Shapes/Open Sprite Shape.prefab using Guid(86ae7de409eb54f619fb1328e4d42480) Importer(815301076,1909f56bfc062723c751e8b465ee728b)  -> (artifact id: '830f977bfb17d230feb61d241e79a9f2') in 0.551292 seconds 
========================================================================
Received Import Request.
  Time since last request: 0.066890 seconds.
  path: Packages/com.unity.2d.spriteshape/Editor/ObjectMenuCreation/DefaultAssets/Sprite Shapes/Closed Sprite Shape.prefab
  artifactKey: Guid(c0583b4e855c74b8c82e7b9b5efb5ce9) Importer(815301076,1909f56bfc062723c751e8b465ee728b)
Start importing Packages/com.unity.2d.spriteshape/Editor/ObjectMenuCreation/DefaultAssets/Sprite Shapes/Closed Sprite Shape.prefab using Guid(c0583b4e855c74b8c82e7b9b5efb5ce9) Importer(815301076,1909f56bfc062723c751e8b465ee728b)  -> (artifact id: '67feefc0ee00c67572135fff62ff39a1') in 0.013404 seconds 
========================================================================
Received Prepare
Registering precompiled user dll's ...
Registered in 0.015772 seconds.
Begin MonoManager ReloadAssembly
Native extension for LinuxStandalone target not found
Native extension for WindowsStandalone target not found
Native extension for OSXStandalone target not found
Native extension for WebGL target not found
Refreshing native plugins compatible for Editor in 1.89 ms, found 2 plugins.
Preloading 0 native plugins for Editor in 0.00 ms.
Mono: successfully reloaded assembly
- Completed reload, in  2.222 seconds
Platform modules already initialized, skipping
Refreshing native plugins compatible for Editor in 2.45 ms, found 2 plugins.
Preloading 0 native plugins for Editor in 0.00 ms.
Unloading 3495 Unused Serialized files (Serialized files now loaded: 0)
System memory in use before: 384.2 MB.
System memory in use after: 384.3 MB.

Unloading 20 unused Assets to reduce memory usage. Loaded Objects now: 4227.
Total: 7.958163 ms (FindLiveObjects: 0.955093 ms CreateObjectMapping: 0.424636 ms MarkObjects: 5.915148 ms  DeleteObjects: 0.659879 ms)

========================================================================
Received Prepare
Registering precompiled user dll's ...
Registered in 0.002596 seconds.
Begin MonoManager ReloadAssembly
Native extension for LinuxStandalone target not found
Native extension for WindowsStandalone target not found
Native extension for OSXStandalone target not found
Native extension for WebGL target not found
Refreshing native plugins compatible for Editor in 0.82 ms, found 2 plugins.
Preloading 0 native plugins for Editor in 0.00 ms.
Mono: successfully reloaded assembly
- Completed reload, in  2.774 seconds
Platform modules already initialized, skipping
Refreshing native plugins compatible for Editor in 1.08 ms, found 2 plugins.
Preloading 0 native plugins for Editor in 0.00 ms.
Unloading 3495 Unused Serialized files (Serialized files now loaded: 0)
System memory in use before: 384.7 MB.
System memory in use after: 384.8 MB.

Unloading 20 unused Assets to reduce memory usage. Loaded Objects now: 4230.
Total: 7.310401 ms (FindLiveObjects: 1.516890 ms CreateObjectMapping: 0.295697 ms MarkObjects: 4.289545 ms  DeleteObjects: 1.206603 ms)

========================================================================
Received Prepare
Registering precompiled user dll's ...
Registered in 0.004831 seconds.
Begin MonoManager ReloadAssembly
Native extension for LinuxStandalone target not found
Native extension for WindowsStandalone target not found
Native extension for OSXStandalone target not found
Native extension for WebGL target not found
Refreshing native plugins compatible for Editor in 0.83 ms, found 2 plugins.
Preloading 0 native plugins for Editor in 0.00 ms.
Mono: successfully reloaded assembly
- Completed reload, in  2.168 seconds
Platform modules already initialized, skipping
Refreshing native plugins compatible for Editor in 0.82 ms, found 2 plugins.
Preloading 0 native plugins for Editor in 0.00 ms.
Unloading 3495 Unused Serialized files (Serialized files now loaded: 0)
System memory in use before: 385.0 MB.
System memory in use after: 385.2 MB.

Unloading 20 unused Assets to reduce memory usage. Loaded Objects now: 4233.
Total: 11.545119 ms (FindLiveObjects: 0.579644 ms CreateObjectMapping: 0.234707 ms MarkObjects: 10.121643 ms  DeleteObjects: 0.605866 ms)

========================================================================
Received Prepare
Registering precompiled user dll's ...
Registered in 0.003165 seconds.
Begin MonoManager ReloadAssembly
Native extension for LinuxStandalone target not found
Native extension for WindowsStandalone target not found
Native extension for OSXStandalone target not found
Native extension for WebGL target not found
Refreshing native plugins compatible for Editor in 1.09 ms, found 2 plugins.
Preloading 0 native plugins for Editor in 0.00 ms.
Mono: successfully reloaded assembly
- Completed reload, in  2.757 seconds
Platform modules already initialized, skipping
Refreshing native plugins compatible for Editor in 0.99 ms, found 2 plugins.
Preloading 0 native plugins for Editor in 0.00 ms.
Unloading 3495 Unused Serialized files (Serialized files now loaded: 0)
System memory in use before: 385.3 MB.
System memory in use after: 385.5 MB.

Unloading 20 unused Assets to reduce memory usage. Loaded Objects now: 4236.
Total: 6.143570 ms (FindLiveObjects: 0.425072 ms CreateObjectMapping: 0.282515 ms MarkObjects: 4.014179 ms  DeleteObjects: 1.419988 ms)

========================================================================
Received Prepare
Registering precompiled user dll's ...
Registered in 0.003385 seconds.
Begin MonoManager ReloadAssembly
Native extension for LinuxStandalone target not found
Native extension for WindowsStandalone target not found
Native extension for OSXStandalone target not found
Native extension for WebGL target not found
Refreshing native plugins compatible for Editor in 1.44 ms, found 2 plugins.
Preloading 0 native plugins for Editor in 0.00 ms.
Mono: successfully reloaded assembly
- Completed reload, in  2.410 seconds
Platform modules already initialized, skipping
Refreshing native plugins compatible for Editor in 0.81 ms, found 2 plugins.
Preloading 0 native plugins for Editor in 0.00 ms.
Unloading 3495 Unused Serialized files (Serialized files now loaded: 0)
System memory in use before: 384.8 MB.
System memory in use after: 384.9 MB.

Unloading 20 unused Assets to reduce memory usage. Loaded Objects now: 4239.
Total: 7.534974 ms (FindLiveObjects: 0.727087 ms CreateObjectMapping: 0.443516 ms MarkObjects: 4.684812 ms  DeleteObjects: 1.676919 ms)

========================================================================
Received Prepare
Registering precompiled user dll's ...
Registered in 0.096567 seconds.
Begin MonoManager ReloadAssembly
Native extension for LinuxStandalone target not found
Native extension for WindowsStandalone target not found
Native extension for OSXStandalone target not found
Native extension for WebGL target not found
Refreshing native plugins compatible for Editor in 2.17 ms, found 2 plugins.
Preloading 0 native plugins for Editor in 0.00 ms.
Mono: successfully reloaded assembly
- Completed reload, in  2.616 seconds
Platform modules already initialized, skipping
Refreshing native plugins compatible for Editor in 2.75 ms, found 2 plugins.
Preloading 0 native plugins for Editor in 0.00 ms.
Unloading 3495 Unused Serialized files (Serialized files now loaded: 0)
System memory in use before: 385.2 MB.
System memory in use after: 385.3 MB.

Unloading 20 unused Assets to reduce memory usage. Loaded Objects now: 4242.
Total: 4.717275 ms (FindLiveObjects: 0.682388 ms CreateObjectMapping: 0.389800 ms MarkObjects: 3.511490 ms  DeleteObjects: 0.131521 ms)

========================================================================
Received Prepare
Registering precompiled user dll's ...
Registered in 0.009798 seconds.
Begin MonoManager ReloadAssembly
Native extension for LinuxStandalone target not found
Native extension for WindowsStandalone target not found
Native extension for OSXStandalone target not found
Native extension for WebGL target not found
Refreshing native plugins compatible for Editor in 0.76 ms, found 2 plugins.
Preloading 0 native plugins for Editor in 0.00 ms.
Mono: successfully reloaded assembly
- Completed reload, in  1.754 seconds
Platform modules already initialized, skipping
Refreshing native plugins compatible for Editor in 0.85 ms, found 2 plugins.
Preloading 0 native plugins for Editor in 0.00 ms.
Unloading 3495 Unused Serialized files (Serialized files now loaded: 0)
System memory in use before: 385.6 MB.
System memory in use after: 385.7 MB.

Unloading 20 unused Assets to reduce memory usage. Loaded Objects now: 4245.
Total: 4.976169 ms (FindLiveObjects: 0.490908 ms CreateObjectMapping: 0.312425 ms MarkObjects: 4.029072 ms  DeleteObjects: 0.139257 ms)

========================================================================
Received Prepare
Registering precompiled user dll's ...
Registered in 0.004120 seconds.
Begin MonoManager ReloadAssembly
Native extension for LinuxStandalone target not found
Native extension for WindowsStandalone target not found
Native extension for OSXStandalone target not found
Native extension for WebGL target not found
Refreshing native plugins compatible for Editor in 0.73 ms, found 2 plugins.
Preloading 0 native plugins for Editor in 0.00 ms.
Mono: successfully reloaded assembly
- Completed reload, in  1.954 seconds
Platform modules already initialized, skipping
Refreshing native plugins compatible for Editor in 0.84 ms, found 2 plugins.
Preloading 0 native plugins for Editor in 0.00 ms.
Unloading 3495 Unused Serialized files (Serialized files now loaded: 0)
System memory in use before: 386.0 MB.
System memory in use after: 386.1 MB.

Unloading 20 unused Assets to reduce memory usage. Loaded Objects now: 4248.
Total: 8.334199 ms (FindLiveObjects: 0.462225 ms CreateObjectMapping: 0.270191 ms MarkObjects: 6.365031 ms  DeleteObjects: 1.234812 ms)

========================================================================
Received Prepare
Registering precompiled user dll's ...
Registered in 0.012809 seconds.
Begin MonoManager ReloadAssembly
Native extension for LinuxStandalone target not found
Native extension for WindowsStandalone target not found
Native extension for OSXStandalone target not found
Native extension for WebGL target not found
Refreshing native plugins compatible for Editor in 4.98 ms, found 2 plugins.
Preloading 0 native plugins for Editor in 0.00 ms.
Mono: successfully reloaded assembly
- Completed reload, in  5.655 seconds
Platform modules already initialized, skipping
Refreshing native plugins compatible for Editor in 0.89 ms, found 2 plugins.
Preloading 0 native plugins for Editor in 0.00 ms.
Unloading 3495 Unused Serialized files (Serialized files now loaded: 0)
System memory in use before: 386.4 MB.
System memory in use after: 386.5 MB.

Unloading 20 unused Assets to reduce memory usage. Loaded Objects now: 4251.
Total: 14.286720 ms (FindLiveObjects: 1.637818 ms CreateObjectMapping: 0.486673 ms MarkObjects: 10.526083 ms  DeleteObjects: 1.633071 ms)

========================================================================
Received Prepare
Registering precompiled user dll's ...
Registered in 0.003416 seconds.
Begin MonoManager ReloadAssembly
Native extension for LinuxStandalone target not found
Native extension for WindowsStandalone target not found
Native extension for OSXStandalone target not found
Native extension for WebGL target not found
Refreshing native plugins compatible for Editor in 0.81 ms, found 2 plugins.
Preloading 0 native plugins for Editor in 0.00 ms.
Mono: successfully reloaded assembly
- Completed reload, in  2.117 seconds
Platform modules already initialized, skipping
Refreshing native plugins compatible for Editor in 0.83 ms, found 2 plugins.
Preloading 0 native plugins for Editor in 0.00 ms.
Unloading 3495 Unused Serialized files (Serialized files now loaded: 0)
System memory in use before: 386.7 MB.
System memory in use after: 386.8 MB.

Unloading 20 unused Assets to reduce memory usage. Loaded Objects now: 4254.
Total: 4.126286 ms (FindLiveObjects: 0.407750 ms CreateObjectMapping: 0.243155 ms MarkObjects: 3.321890 ms  DeleteObjects: 0.151539 ms)

========================================================================
Received Prepare
Registering precompiled user dll's ...
Registered in 0.016590 seconds.
Begin MonoManager ReloadAssembly
Native extension for LinuxStandalone target not found
Native extension for WindowsStandalone target not found
Native extension for OSXStandalone target not found
Native extension for WebGL target not found
Refreshing native plugins compatible for Editor in 0.76 ms, found 2 plugins.
Preloading 0 native plugins for Editor in 0.00 ms.
Mono: successfully reloaded assembly
- Completed reload, in  2.212 seconds
Platform modules already initialized, skipping
Refreshing native plugins compatible for Editor in 0.84 ms, found 2 plugins.
Preloading 0 native plugins for Editor in 0.00 ms.
Unloading 3495 Unused Serialized files (Serialized files now loaded: 0)
System memory in use before: 386.2 MB.
System memory in use after: 386.3 MB.

Unloading 20 unused Assets to reduce memory usage. Loaded Objects now: 4257.
Total: 4.607488 ms (FindLiveObjects: 0.573318 ms CreateObjectMapping: 0.368774 ms MarkObjects: 3.526372 ms  DeleteObjects: 0.136810 ms)

========================================================================
Received Prepare
Registering precompiled user dll's ...
Registered in 0.003185 seconds.
Begin MonoManager ReloadAssembly
Native extension for LinuxStandalone target not found
Native extension for WindowsStandalone target not found
Native extension for OSXStandalone target not found
Native extension for WebGL target not found
Refreshing native plugins compatible for Editor in 0.77 ms, found 2 plugins.
Preloading 0 native plugins for Editor in 0.00 ms.
Mono: successfully reloaded assembly
- Completed reload, in  2.160 seconds
Platform modules already initialized, skipping
Refreshing native plugins compatible for Editor in 0.90 ms, found 2 plugins.
Preloading 0 native plugins for Editor in 0.00 ms.
Unloading 3495 Unused Serialized files (Serialized files now loaded: 0)
System memory in use before: 386.6 MB.
System memory in use after: 386.7 MB.

Unloading 20 unused Assets to reduce memory usage. Loaded Objects now: 4260.
Total: 4.826682 ms (FindLiveObjects: 0.441318 ms CreateObjectMapping: 0.205572 ms MarkObjects: 4.022459 ms  DeleteObjects: 0.154332 ms)

========================================================================
Received Prepare
Registering precompiled user dll's ...
Registered in 0.004250 seconds.
Begin MonoManager ReloadAssembly
Native extension for LinuxStandalone target not found
Native extension for WindowsStandalone target not found
Native extension for OSXStandalone target not found
Native extension for WebGL target not found
Refreshing native plugins compatible for Editor in 0.77 ms, found 2 plugins.
Preloading 0 native plugins for Editor in 0.00 ms.
Mono: successfully reloaded assembly
- Completed reload, in  2.156 seconds
Platform modules already initialized, skipping
Refreshing native plugins compatible for Editor in 0.90 ms, found 2 plugins.
Preloading 0 native plugins for Editor in 0.00 ms.
Unloading 3495 Unused Serialized files (Serialized files now loaded: 0)
System memory in use before: 387.0 MB.
System memory in use after: 387.1 MB.

Unloading 20 unused Assets to reduce memory usage. Loaded Objects now: 4263.
Total: 6.551855 ms (FindLiveObjects: 0.521310 ms CreateObjectMapping: 0.316097 ms MarkObjects: 4.233116 ms  DeleteObjects: 1.479130 ms)

========================================================================
Received Prepare
Registering precompiled user dll's ...
Registered in 0.003889 seconds.
Begin MonoManager ReloadAssembly
Native extension for LinuxStandalone target not found
Native extension for WindowsStandalone target not found
Native extension for OSXStandalone target not found
Native extension for WebGL target not found
Refreshing native plugins compatible for Editor in 0.75 ms, found 2 plugins.
Preloading 0 native plugins for Editor in 0.00 ms.
Mono: successfully reloaded assembly
- Completed reload, in  2.635 seconds
Platform modules already initialized, skipping
Refreshing native plugins compatible for Editor in 0.86 ms, found 2 plugins.
Preloading 0 native plugins for Editor in 0.00 ms.
Unloading 3495 Unused Serialized files (Serialized files now loaded: 0)
System memory in use before: 387.4 MB.
System memory in use after: 387.5 MB.

Unloading 20 unused Assets to reduce memory usage. Loaded Objects now: 4266.
Total: 3.824759 ms (FindLiveObjects: 0.446360 ms CreateObjectMapping: 0.187640 ms MarkObjects: 3.029929 ms  DeleteObjects: 0.158486 ms)

========================================================================
Received Prepare
Registering precompiled user dll's ...
Registered in 0.003165 seconds.
Begin MonoManager ReloadAssembly
Native extension for LinuxStandalone target not found
Native extension for WindowsStandalone target not found
Native extension for OSXStandalone target not found
Native extension for WebGL target not found
Refreshing native plugins compatible for Editor in 0.99 ms, found 2 plugins.
Preloading 0 native plugins for Editor in 0.00 ms.
Mono: successfully reloaded assembly
- Completed reload, in  2.136 seconds
Platform modules already initialized, skipping
Refreshing native plugins compatible for Editor in 0.82 ms, found 2 plugins.
Preloading 0 native plugins for Editor in 0.00 ms.
Unloading 3495 Unused Serialized files (Serialized files now loaded: 0)
System memory in use before: 387.8 MB.
System memory in use after: 387.9 MB.

Unloading 20 unused Assets to reduce memory usage. Loaded Objects now: 4269.
Total: 5.039748 ms (FindLiveObjects: 0.500598 ms CreateObjectMapping: 0.327675 ms MarkObjects: 4.070462 ms  DeleteObjects: 0.138674 ms)

========================================================================
Received Prepare
Registering precompiled user dll's ...
Registered in 0.003499 seconds.
Begin MonoManager ReloadAssembly
Native extension for LinuxStandalone target not found
Native extension for WindowsStandalone target not found
Native extension for OSXStandalone target not found
Native extension for WebGL target not found
Refreshing native plugins compatible for Editor in 1.44 ms, found 2 plugins.
Preloading 0 native plugins for Editor in 0.00 ms.
Mono: successfully reloaded assembly
- Completed reload, in  2.056 seconds
Platform modules already initialized, skipping
Refreshing native plugins compatible for Editor in 1.32 ms, found 2 plugins.
Preloading 0 native plugins for Editor in 0.00 ms.
Unloading 3495 Unused Serialized files (Serialized files now loaded: 0)
System memory in use before: 388.2 MB.
System memory in use after: 388.3 MB.

Unloading 20 unused Assets to reduce memory usage. Loaded Objects now: 4272.
Total: 9.491700 ms (FindLiveObjects: 0.878156 ms CreateObjectMapping: 0.534258 ms MarkObjects: 5.366113 ms  DeleteObjects: 2.709081 ms)

========================================================================
Received Prepare
Registering precompiled user dll's ...
Registered in 0.003405 seconds.
Begin MonoManager ReloadAssembly
Native extension for LinuxStandalone target not found
Native extension for WindowsStandalone target not found
Native extension for OSXStandalone target not found
Native extension for WebGL target not found
Refreshing native plugins compatible for Editor in 0.81 ms, found 2 plugins.
Preloading 0 native plugins for Editor in 0.00 ms.
Mono: successfully reloaded assembly
- Completed reload, in  1.876 seconds
Platform modules already initialized, skipping
Refreshing native plugins compatible for Editor in 0.82 ms, found 2 plugins.
Preloading 0 native plugins for Editor in 0.00 ms.
Unloading 3495 Unused Serialized files (Serialized files now loaded: 0)
System memory in use before: 387.7 MB.
System memory in use after: 387.8 MB.

Unloading 20 unused Assets to reduce memory usage. Loaded Objects now: 4275.
Total: 6.247408 ms (FindLiveObjects: 1.546599 ms CreateObjectMapping: 0.296106 ms MarkObjects: 3.280074 ms  DeleteObjects: 1.123005 ms)

========================================================================
Received Prepare
Registering precompiled user dll's ...
Registered in 0.003804 seconds.
Begin MonoManager ReloadAssembly
Native extension for LinuxStandalone target not found
Native extension for WindowsStandalone target not found
Native extension for OSXStandalone target not found
Native extension for WebGL target not found
Refreshing native plugins compatible for Editor in 1.38 ms, found 2 plugins.
Preloading 0 native plugins for Editor in 0.00 ms.
Mono: successfully reloaded assembly
- Completed reload, in  1.939 seconds
Platform modules already initialized, skipping
Refreshing native plugins compatible for Editor in 0.83 ms, found 2 plugins.
Preloading 0 native plugins for Editor in 0.00 ms.
Unloading 3495 Unused Serialized files (Serialized files now loaded: 0)
System memory in use before: 388.1 MB.
System memory in use after: 388.2 MB.

Unloading 20 unused Assets to reduce memory usage. Loaded Objects now: 4278.
Total: 6.146420 ms (FindLiveObjects: 0.560063 ms CreateObjectMapping: 0.342312 ms MarkObjects: 3.855680 ms  DeleteObjects: 1.385749 ms)

========================================================================
Received Prepare
Registering precompiled user dll's ...
Registered in 0.003029 seconds.
Begin MonoManager ReloadAssembly
Native extension for LinuxStandalone target not found
Native extension for WindowsStandalone target not found
Native extension for OSXStandalone target not found
Native extension for WebGL target not found
Refreshing native plugins compatible for Editor in 0.74 ms, found 2 plugins.
Preloading 0 native plugins for Editor in 0.00 ms.
Mono: successfully reloaded assembly
- Completed reload, in  1.987 seconds
Platform modules already initialized, skipping
Refreshing native plugins compatible for Editor in 0.78 ms, found 2 plugins.
Preloading 0 native plugins for Editor in 0.00 ms.
Unloading 3495 Unused Serialized files (Serialized files now loaded: 0)
System memory in use before: 388.5 MB.
System memory in use after: 388.6 MB.

Unloading 20 unused Assets to reduce memory usage. Loaded Objects now: 4281.
Total: 6.236840 ms (FindLiveObjects: 0.555095 ms CreateObjectMapping: 0.302655 ms MarkObjects: 3.897865 ms  DeleteObjects: 1.479112 ms)

========================================================================
Received Prepare
Registering precompiled user dll's ...
Registered in 0.003031 seconds.
Begin MonoManager ReloadAssembly
Native extension for LinuxStandalone target not found
Native extension for WindowsStandalone target not found
Native extension for OSXStandalone target not found
Native extension for WebGL target not found
Refreshing native plugins compatible for Editor in 0.93 ms, found 2 plugins.
Preloading 0 native plugins for Editor in 0.00 ms.
Mono: successfully reloaded assembly
- Completed reload, in  2.086 seconds
Platform modules already initialized, skipping
Refreshing native plugins compatible for Editor in 0.84 ms, found 2 plugins.
Preloading 0 native plugins for Editor in 0.00 ms.
Unloading 3495 Unused Serialized files (Serialized files now loaded: 0)
System memory in use before: 388.9 MB.
System memory in use after: 389.0 MB.

Unloading 20 unused Assets to reduce memory usage. Loaded Objects now: 4284.
Total: 7.719068 ms (FindLiveObjects: 0.773922 ms CreateObjectMapping: 0.702920 ms MarkObjects: 3.676544 ms  DeleteObjects: 2.561324 ms)

========================================================================
Received Prepare
Registering precompiled user dll's ...
Registered in 0.016201 seconds.
Begin MonoManager ReloadAssembly
Native extension for LinuxStandalone target not found
Native extension for WindowsStandalone target not found
Native extension for OSXStandalone target not found
Native extension for WebGL target not found
Refreshing native plugins compatible for Editor in 0.75 ms, found 2 plugins.
Preloading 0 native plugins for Editor in 0.00 ms.
Mono: successfully reloaded assembly
- Completed reload, in  2.061 seconds
Platform modules already initialized, skipping
Refreshing native plugins compatible for Editor in 0.84 ms, found 2 plugins.
Preloading 0 native plugins for Editor in 0.00 ms.
Unloading 3495 Unused Serialized files (Serialized files now loaded: 0)
System memory in use before: 389.3 MB.
System memory in use after: 389.4 MB.

Unloading 20 unused Assets to reduce memory usage. Loaded Objects now: 4287.
Total: 5.241560 ms (FindLiveObjects: 0.549923 ms CreateObjectMapping: 0.297790 ms MarkObjects: 4.254603 ms  DeleteObjects: 0.136589 ms)

========================================================================
Received Prepare
Registering precompiled user dll's ...
Registered in 0.003391 seconds.
Begin MonoManager ReloadAssembly
Native extension for LinuxStandalone target not found
Native extension for WindowsStandalone target not found
Native extension for OSXStandalone target not found
Native extension for WebGL target not found
Refreshing native plugins compatible for Editor in 0.77 ms, found 2 plugins.
Preloading 0 native plugins for Editor in 0.00 ms.
Mono: successfully reloaded assembly
- Completed reload, in  3.099 seconds
Platform modules already initialized, skipping
Refreshing native plugins compatible for Editor in 1.21 ms, found 2 plugins.
Preloading 0 native plugins for Editor in 0.00 ms.
Unloading 3495 Unused Serialized files (Serialized files now loaded: 0)
System memory in use before: 388.7 MB.
System memory in use after: 388.8 MB.

Unloading 20 unused Assets to reduce memory usage. Loaded Objects now: 4290.
Total: 6.811597 ms (FindLiveObjects: 0.425989 ms CreateObjectMapping: 0.228982 ms MarkObjects: 3.468621 ms  DeleteObjects: 2.686005 ms)

========================================================================
Received Prepare
Registering precompiled user dll's ...
Registered in 0.003183 seconds.
Begin MonoManager ReloadAssembly
Native extension for LinuxStandalone target not found
Native extension for WindowsStandalone target not found
Native extension for OSXStandalone target not found
Native extension for WebGL target not found
Refreshing native plugins compatible for Editor in 0.77 ms, found 2 plugins.
Preloading 0 native plugins for Editor in 0.00 ms.
Mono: successfully reloaded assembly
- Completed reload, in  2.056 seconds
Platform modules already initialized, skipping
Refreshing native plugins compatible for Editor in 0.85 ms, found 2 plugins.
Preloading 0 native plugins for Editor in 0.00 ms.
Unloading 3495 Unused Serialized files (Serialized files now loaded: 0)
System memory in use before: 389.1 MB.
System memory in use after: 389.2 MB.

Unloading 20 unused Assets to reduce memory usage. Loaded Objects now: 4293.
Total: 3.957132 ms (FindLiveObjects: 0.404758 ms CreateObjectMapping: 0.221882 ms MarkObjects: 3.202025 ms  DeleteObjects: 0.126463 ms)

========================================================================
Received Prepare
Registering precompiled user dll's ...
Registered in 0.016689 seconds.
Begin MonoManager ReloadAssembly
Native extension for LinuxStandalone target not found
Native extension for WindowsStandalone target not found
Native extension for OSXStandalone target not found
Native extension for WebGL target not found
Refreshing native plugins compatible for Editor in 1.12 ms, found 2 plugins.
Preloading 0 native plugins for Editor in 0.00 ms.
Mono: successfully reloaded assembly
- Completed reload, in  1.875 seconds
Platform modules already initialized, skipping
Refreshing native plugins compatible for Editor in 0.93 ms, found 2 plugins.
Preloading 0 native plugins for Editor in 0.00 ms.
Unloading 3495 Unused Serialized files (Serialized files now loaded: 0)
System memory in use before: 389.5 MB.
System memory in use after: 389.6 MB.

Unloading 20 unused Assets to reduce memory usage. Loaded Objects now: 4296.
Total: 7.703092 ms (FindLiveObjects: 0.507915 ms CreateObjectMapping: 0.304810 ms MarkObjects: 3.999021 ms  DeleteObjects: 2.887215 ms)

========================================================================
Received Prepare
Registering precompiled user dll's ...
Registered in 0.003785 seconds.
Begin MonoManager ReloadAssembly
Native extension for LinuxStandalone target not found
Native extension for WindowsStandalone target not found
Native extension for OSXStandalone target not found
Native extension for WebGL target not found
Refreshing native plugins compatible for Editor in 0.96 ms, found 2 plugins.
Preloading 0 native plugins for Editor in 0.00 ms.
Mono: successfully reloaded assembly
- Completed reload, in  2.276 seconds
Platform modules already initialized, skipping
Refreshing native plugins compatible for Editor in 0.90 ms, found 2 plugins.
Preloading 0 native plugins for Editor in 0.00 ms.
Unloading 3495 Unused Serialized files (Serialized files now loaded: 0)
System memory in use before: 389.9 MB.
System memory in use after: 390.0 MB.

Unloading 20 unused Assets to reduce memory usage. Loaded Objects now: 4299.
Total: 8.126729 ms (FindLiveObjects: 2.084987 ms CreateObjectMapping: 0.514763 ms MarkObjects: 4.072150 ms  DeleteObjects: 1.450780 ms)

========================================================================
Received Prepare
Registering precompiled user dll's ...
Registered in 0.002906 seconds.
Begin MonoManager ReloadAssembly
Native extension for LinuxStandalone target not found
Native extension for WindowsStandalone target not found
Native extension for OSXStandalone target not found
Native extension for WebGL target not found
Refreshing native plugins compatible for Editor in 0.88 ms, found 2 plugins.
Preloading 0 native plugins for Editor in 0.00 ms.
Mono: successfully reloaded assembly
- Completed reload, in  1.944 seconds
Platform modules already initialized, skipping
Refreshing native plugins compatible for Editor in 0.75 ms, found 2 plugins.
Preloading 0 native plugins for Editor in 0.00 ms.
Unloading 3495 Unused Serialized files (Serialized files now loaded: 0)
System memory in use before: 390.2 MB.
System memory in use after: 390.4 MB.

Unloading 20 unused Assets to reduce memory usage. Loaded Objects now: 4302.
Total: 7.695779 ms (FindLiveObjects: 0.599097 ms CreateObjectMapping: 0.301843 ms MarkObjects: 4.282242 ms  DeleteObjects: 2.509897 ms)

