Using pre-set license

 COMMAND LINE ARGUMENTS:
/Applications/Unity/Hub/Editor/2021.1.0b2/Unity.app/Contents/MacOS/Unity
-adb2
-batchMode
-noUpm
-name
AssetImportWorker0
-projectPath
/Users/tobyjohnson/Stronger Together
-logFile
Logs/AssetImportWorker0.log
-srvPort
59803
Successfully changed project path to: /Users/tobyjohnson/Stronger Together
/Users/tobyjohnson/Stronger Together
Using Asset Import Pipeline V2.
Refreshing native plugins compatible for Editor in 167.12 ms, found 2 plugins.
Preloading 0 native plugins for Editor in 0.00 ms.
Initialize engine version: 2021.1.0b2 (1e651ea6a5c1)
[Subsystems] Discovering subsystems at path /Applications/Unity/Hub/Editor/2021.1.0b2/Unity.app/Contents/Resources/UnitySubsystems
[Subsystems] Discovering subsystems at path /Users/tobyjohnson/Stronger Together/Assets
GfxDevice: creating device client; threaded=0; jobified=0
2021-02-14 11:46:39.896 Unity[43173:13549756] Color LCD preferred device: Intel Iris Graphics (low power)
2021-02-14 11:46:39.896 Unity[43173:13549756] Metal devices available: 1
2021-02-14 11:46:39.896 Unity[43173:13549756] 0: Intel Iris Graphics (low power)
2021-02-14 11:46:39.897 Unity[43173:13549756] Using device Intel Iris Graphics (low power)
Initializing Metal device caps: Intel Iris Graphics
Initialize mono
Mono path[0] = '/Applications/Unity/Hub/Editor/2021.1.0b2/Unity.app/Contents/Managed'
Mono path[1] = '/Applications/Unity/Hub/Editor/2021.1.0b2/Unity.app/Contents/MonoBleedingEdge/lib/mono/unityjit'
Mono config path = '/Applications/Unity/Hub/Editor/2021.1.0b2/Unity.app/Contents/MonoBleedingEdge/etc'
Using monoOptions --debugger-agent=transport=dt_socket,embedding=1,server=y,suspend=n,address=127.0.0.1:56173
Begin MonoManager ReloadAssembly
Registering precompiled unity dll's ...
Register platform support module: /Applications/Unity/Hub/Editor/2021.1.0b2/PlaybackEngines/WebGLSupport/UnityEditor.WebGL.Extensions.dll
Register platform support module: /Applications/Unity/Hub/Editor/2021.1.0b2/Unity.app/Contents/PlaybackEngines/MacStandaloneSupport/UnityEditor.OSXStandalone.Extensions.dll
Register platform support module: /Applications/Unity/Hub/Editor/2021.1.0b2/PlaybackEngines/WindowsStandaloneSupport/UnityEditor.WindowsStandalone.Extensions.dll
Register platform support module: /Applications/Unity/Hub/Editor/2021.1.0b2/PlaybackEngines/LinuxStandaloneSupport/UnityEditor.LinuxStandalone.Extensions.dll
Registered in 0.005365 seconds.
Native extension for LinuxStandalone target not found
Native extension for WindowsStandalone target not found
Native extension for OSXStandalone target not found
Native extension for WebGL target not found
Refreshing native plugins compatible for Editor in 145.48 ms, found 2 plugins.
Preloading 0 native plugins for Editor in 0.00 ms.
Mono: successfully reloaded assembly
- Completed reload, in  6.351 seconds
Platform modules already initialized, skipping
Registering precompiled user dll's ...
Registered in 0.007738 seconds.
Begin MonoManager ReloadAssembly
Native extension for LinuxStandalone target not found
Native extension for WindowsStandalone target not found
Native extension for OSXStandalone target not found
Native extension for WebGL target not found
Refreshing native plugins compatible for Editor in 128.06 ms, found 2 plugins.
Preloading 0 native plugins for Editor in 0.00 ms.
Mono: successfully reloaded assembly
- Completed reload, in  2.068 seconds
Platform modules already initialized, skipping
========================================================================
Worker process is ready to serve import requests
Launching external process: /Applications/Unity/Hub/Editor/2021.1.0b2/Unity.app/Contents/Tools/UnityShaderCompiler
Launched and connected shader compiler UnityShaderCompiler after 0.06 seconds
Refreshing native plugins compatible for Editor in 0.76 ms, found 2 plugins.
Preloading 0 native plugins for Editor in 0.00 ms.
Unloading 3345 Unused Serialized files (Serialized files now loaded: 0)
System memory in use before: 335.3 MB.
System memory in use after: 335.4 MB.

Unloading 29 unused Assets to reduce memory usage. Loaded Objects now: 3794.
Total: 4.855001 ms (FindLiveObjects: 0.457362 ms CreateObjectMapping: 0.299893 ms MarkObjects: 3.937717 ms  DeleteObjects: 0.157838 ms)

========================================================================
Received Import Request.
  path: Assets
  artifactKey: Guid(00000000000000001000000000000000) Importer(815301076,1909f56bfc062723c751e8b465ee728b)
Start importing Assets using Guid(00000000000000001000000000000000) Importer(815301076,1909f56bfc062723c751e8b465ee728b)  -> (artifact id: '7375b47ac63a621f975c3dc835ed96c7') in 0.009643 seconds 
========================================================================
Received Import Request.
  Time since last request: 363.499932 seconds.
  path: ProjectSettings/TagManager.asset
  artifactKey: Guid(00000000000000003000000000000000) Importer(815301076,1909f56bfc062723c751e8b465ee728b)
Start importing ProjectSettings/TagManager.asset using Guid(00000000000000003000000000000000) Importer(815301076,1909f56bfc062723c751e8b465ee728b)  -> (artifact id: '70898e64fa72d69957a1a234c5e9d198') in 2.308221 seconds 
========================================================================
Received Prepare
Registering precompiled user dll's ...
Registered in 0.004538 seconds.
Begin MonoManager ReloadAssembly
Native extension for LinuxStandalone target not found
Native extension for WindowsStandalone target not found
Native extension for OSXStandalone target not found
Native extension for WebGL target not found
Refreshing native plugins compatible for Editor in 0.82 ms, found 2 plugins.
Preloading 0 native plugins for Editor in 0.00 ms.
[ScriptCompilation] NOT recompiling all scripts because this is an import worker process. Reason to compile was: Define symbols changed
Mono: successfully reloaded assembly
- Completed reload, in  2.902 seconds
Platform modules already initialized, skipping
Refreshing native plugins compatible for Editor in 0.81 ms, found 2 plugins.
Preloading 0 native plugins for Editor in 0.00 ms.
Unloading 3460 Unused Serialized files (Serialized files now loaded: 0)
System memory in use before: 347.7 MB.
System memory in use after: 346.1 MB.

Unloading 45 unused Assets to reduce memory usage. Loaded Objects now: 3890.
Total: 5.229178 ms (FindLiveObjects: 0.573815 ms CreateObjectMapping: 0.289108 ms MarkObjects: 3.587460 ms  DeleteObjects: 0.776815 ms)

========================================================================
Received Import Request.
  Time since last request: 2189.620282 seconds.
  path: Assets/Sprites
  artifactKey: Guid(46be1496e0c1d41bd899b8a80bfed93d) Importer(815301076,1909f56bfc062723c751e8b465ee728b)
Start importing Assets/Sprites using Guid(46be1496e0c1d41bd899b8a80bfed93d) Importer(815301076,1909f56bfc062723c751e8b465ee728b)  -> (artifact id: 'ee78a8671f5eadea6280ae1d5589a603') in 0.161884 seconds 
========================================================================
Received Import Request.
  Time since last request: 0.142440 seconds.
  path: Assets/Sprites/New_Piskel_4.gif
  artifactKey: Guid(4c75baacd3c51432381ad8b031d64965) Importer(815301076,1909f56bfc062723c751e8b465ee728b)
Start importing Assets/Sprites/New_Piskel_4.gif using Guid(4c75baacd3c51432381ad8b031d64965) Importer(815301076,1909f56bfc062723c751e8b465ee728b)  -> (artifact id: 'b11e14c7cad775eef391178b2cfe21fa') in 3.009552 seconds 
========================================================================
Received Prepare
Registering precompiled user dll's ...
Registered in 0.004298 seconds.
Begin MonoManager ReloadAssembly
Native extension for LinuxStandalone target not found
Native extension for WindowsStandalone target not found
Native extension for OSXStandalone target not found
Native extension for WebGL target not found
Refreshing native plugins compatible for Editor in 0.75 ms, found 2 plugins.
Preloading 0 native plugins for Editor in 0.00 ms.
Invalid AssetDatabase path: /Editor/EditorResources/cm_logo_sm.png. Use path relative to the project folder.
UnityEngine.StackTraceUtility:ExtractStackTrace () (at /Users/bokken/buildslave/unity/build/Runtime/Export/Scripting/StackTrace.cs:37)
UnityEditor.AssetDatabase:LoadAssetAtPath<UnityEngine.Texture2D> (string) (at /Users/bokken/buildslave/unity/build/Modules/AssetDatabase/Editor/ScriptBindings/AssetDatabase.bindings.cs:225)
Cinemachine.Editor.CinemachineSettings:get_CinemachineLogoTexture () (at Library/PackageCache/com.unity.cinemachine@2.7.1/Editor/Windows/CinemachineSettings.cs:229)
Cinemachine.Editor.CinemachineSettings:.cctor () (at Library/PackageCache/com.unity.cinemachine@2.7.1/Editor/Windows/CinemachineSettings.cs:278)
Cinemachine.CinemachineColliderPrefs:.cctor () (at Library/PackageCache/com.unity.cinemachine@2.7.1/Editor/Windows/CinemachineColliderPrefs.cs:61)
System.Runtime.CompilerServices.RuntimeHelpers:RunClassConstructor (System.RuntimeTypeHandle)
UnityEditor.EditorAssemblies:ProcessInitializeOnLoadAttributes (System.Type[]) (at /Users/bokken/buildslave/unity/build/Editor/Mono/EditorAssemblies.cs:114)

[Library/PackageCache/com.unity.cinemachine@2.7.1/Editor/Windows/CinemachineSettings.cs line 229]

Invalid AssetDatabase path: /Editor/EditorResources/cm_logo_sm.png. Use path relative to the project folder.
UnityEngine.StackTraceUtility:ExtractStackTrace () (at /Users/bokken/buildslave/unity/build/Runtime/Export/Scripting/StackTrace.cs:37)
UnityEditor.AssetDatabase:LoadAssetAtPath<UnityEngine.Texture2D> (string) (at /Users/bokken/buildslave/unity/build/Modules/AssetDatabase/Editor/ScriptBindings/AssetDatabase.bindings.cs:225)
Cinemachine.Editor.CinemachineSettings:get_CinemachineLogoTexture () (at Library/PackageCache/com.unity.cinemachine@2.7.1/Editor/Windows/CinemachineSettings.cs:229)
Cinemachine.Editor.CinemachineSettings:OnPackageLoadedInEditor () (at Library/PackageCache/com.unity.cinemachine@2.7.1/Editor/Windows/CinemachineSettings.cs:264)

[Library/PackageCache/com.unity.cinemachine@2.7.1/Editor/Windows/CinemachineSettings.cs line 229]

Mono: successfully reloaded assembly
- Completed reload, in  1.768 seconds
Platform modules already initialized, skipping
Refreshing native plugins compatible for Editor in 0.86 ms, found 2 plugins.
Preloading 0 native plugins for Editor in 0.00 ms.
Unloading 3612 Unused Serialized files (Serialized files now loaded: 0)
System memory in use before: 364.2 MB.
System memory in use after: 362.6 MB.

Unloading 46 unused Assets to reduce memory usage. Loaded Objects now: 4063.
Total: 4.854490 ms (FindLiveObjects: 0.501477 ms CreateObjectMapping: 0.323348 ms MarkObjects: 3.234986 ms  DeleteObjects: 0.792911 ms)

========================================================================
Received Prepare
Registering precompiled user dll's ...
Registered in 0.003897 seconds.
Begin MonoManager ReloadAssembly
Native extension for LinuxStandalone target not found
Native extension for WindowsStandalone target not found
Native extension for OSXStandalone target not found
Native extension for WebGL target not found
Refreshing native plugins compatible for Editor in 1.25 ms, found 2 plugins.
Preloading 0 native plugins for Editor in 0.00 ms.
Mono: successfully reloaded assembly
- Completed reload, in  2.026 seconds
Platform modules already initialized, skipping
Refreshing native plugins compatible for Editor in 0.81 ms, found 2 plugins.
Preloading 0 native plugins for Editor in 0.00 ms.
Unloading 3613 Unused Serialized files (Serialized files now loaded: 0)
System memory in use before: 364.7 MB.
System memory in use after: 363.1 MB.

Unloading 47 unused Assets to reduce memory usage. Loaded Objects now: 4068.
Total: 4.811179 ms (FindLiveObjects: 0.388065 ms CreateObjectMapping: 0.221443 ms MarkObjects: 3.396551 ms  DeleteObjects: 0.803530 ms)

========================================================================
Received Prepare
Registering precompiled user dll's ...
Registered in 0.003156 seconds.
Begin MonoManager ReloadAssembly
Native extension for LinuxStandalone target not found
Native extension for WindowsStandalone target not found
Native extension for OSXStandalone target not found
Native extension for WebGL target not found
Refreshing native plugins compatible for Editor in 1.19 ms, found 2 plugins.
Preloading 0 native plugins for Editor in 0.00 ms.
Mono: successfully reloaded assembly
- Completed reload, in  2.663 seconds
Platform modules already initialized, skipping
Refreshing native plugins compatible for Editor in 1.85 ms, found 2 plugins.
Preloading 0 native plugins for Editor in 0.00 ms.
Unloading 3612 Unused Serialized files (Serialized files now loaded: 0)
System memory in use before: 365.0 MB.
System memory in use after: 363.4 MB.

Unloading 47 unused Assets to reduce memory usage. Loaded Objects now: 4071.
Total: 8.660505 ms (FindLiveObjects: 0.878310 ms CreateObjectMapping: 0.526640 ms MarkObjects: 5.953279 ms  DeleteObjects: 1.300373 ms)

========================================================================
Received Import Request.
  Time since last request: 966.321584 seconds.
  path: Assets/Scripts/PlayerController.cs
  artifactKey: Guid(009bd4f8566be400a9d82568dcb0d2fa) Importer(815301076,1909f56bfc062723c751e8b465ee728b)
Start importing Assets/Scripts/PlayerController.cs using Guid(009bd4f8566be400a9d82568dcb0d2fa) Importer(815301076,1909f56bfc062723c751e8b465ee728b)  -> (artifact id: 'e5aa47dac0e040f638eba8c875f79ec5') in 7.953894 seconds 
========================================================================
Received Prepare
Registering precompiled user dll's ...
Registered in 0.003680 seconds.
Begin MonoManager ReloadAssembly
Native extension for LinuxStandalone target not found
Native extension for WindowsStandalone target not found
Native extension for OSXStandalone target not found
Native extension for WebGL target not found
Refreshing native plugins compatible for Editor in 0.85 ms, found 2 plugins.
Preloading 0 native plugins for Editor in 0.00 ms.
Mono: successfully reloaded assembly
- Completed reload, in  3.784 seconds
Platform modules already initialized, skipping
Refreshing native plugins compatible for Editor in 0.74 ms, found 2 plugins.
Preloading 0 native plugins for Editor in 0.00 ms.
Unloading 3612 Unused Serialized files (Serialized files now loaded: 0)
System memory in use before: 369.6 MB.
System memory in use after: 368.0 MB.

Unloading 47 unused Assets to reduce memory usage. Loaded Objects now: 4074.
Total: 7.707131 ms (FindLiveObjects: 0.611563 ms CreateObjectMapping: 0.293765 ms MarkObjects: 6.050782 ms  DeleteObjects: 0.748763 ms)

========================================================================
Received Import Request.
  Time since last request: 8.061527 seconds.
  path: Assets/Scripts/PlayerController.cs
  artifactKey: Guid(009bd4f8566be400a9d82568dcb0d2fa) Importer(815301076,1909f56bfc062723c751e8b465ee728b)
Start importing Assets/Scripts/PlayerController.cs using Guid(009bd4f8566be400a9d82568dcb0d2fa) Importer(815301076,1909f56bfc062723c751e8b465ee728b)  -> (artifact id: 'e5aa47dac0e040f638eba8c875f79ec5') in 0.025146 seconds 
========================================================================
Received Import Request.
  Time since last request: 243.214303 seconds.
  path: Assets/Scripts/PlayerController.cs
  artifactKey: Guid(009bd4f8566be400a9d82568dcb0d2fa) Importer(815301076,1909f56bfc062723c751e8b465ee728b)
Start importing Assets/Scripts/PlayerController.cs using Guid(009bd4f8566be400a9d82568dcb0d2fa) Importer(815301076,1909f56bfc062723c751e8b465ee728b)  -> (artifact id: '782487ceeeacb0e9b2a8110691fe3579') in 0.003634 seconds 
========================================================================
Received Import Request.
  Time since last request: 51.293905 seconds.
  path: Assets/Scripts/PlayerController.cs
  artifactKey: Guid(009bd4f8566be400a9d82568dcb0d2fa) Importer(815301076,1909f56bfc062723c751e8b465ee728b)
Start importing Assets/Scripts/PlayerController.cs using Guid(009bd4f8566be400a9d82568dcb0d2fa) Importer(815301076,1909f56bfc062723c751e8b465ee728b)  -> (artifact id: '33dbecf01c08e4bee3c3dd0888dacca6') in 0.003128 seconds 
========================================================================
Received Prepare
Registering precompiled user dll's ...
Registered in 0.003460 seconds.
Begin MonoManager ReloadAssembly
Native extension for LinuxStandalone target not found
Native extension for WindowsStandalone target not found
Native extension for OSXStandalone target not found
Native extension for WebGL target not found
Refreshing native plugins compatible for Editor in 1.38 ms, found 2 plugins.
Preloading 0 native plugins for Editor in 0.00 ms.
Mono: successfully reloaded assembly
- Completed reload, in  2.115 seconds
Platform modules already initialized, skipping
Refreshing native plugins compatible for Editor in 0.97 ms, found 2 plugins.
Preloading 0 native plugins for Editor in 0.00 ms.
Unloading 3612 Unused Serialized files (Serialized files now loaded: 0)
System memory in use before: 370.0 MB.
System memory in use after: 368.4 MB.

Unloading 47 unused Assets to reduce memory usage. Loaded Objects now: 4077.
Total: 5.268645 ms (FindLiveObjects: 0.746323 ms CreateObjectMapping: 0.357970 ms MarkObjects: 3.325445 ms  DeleteObjects: 0.836852 ms)

========================================================================
Received Prepare
Registering precompiled user dll's ...
Registered in 0.004379 seconds.
Begin MonoManager ReloadAssembly
Native extension for LinuxStandalone target not found
Native extension for WindowsStandalone target not found
Native extension for OSXStandalone target not found
Native extension for WebGL target not found
Refreshing native plugins compatible for Editor in 1.41 ms, found 2 plugins.
Preloading 0 native plugins for Editor in 0.00 ms.
Mono: successfully reloaded assembly
- Completed reload, in  2.149 seconds
Platform modules already initialized, skipping
Refreshing native plugins compatible for Editor in 0.95 ms, found 2 plugins.
Preloading 0 native plugins for Editor in 0.00 ms.
Unloading 3612 Unused Serialized files (Serialized files now loaded: 0)
System memory in use before: 370.4 MB.
System memory in use after: 368.7 MB.

Unloading 47 unused Assets to reduce memory usage. Loaded Objects now: 4080.
Total: 5.746910 ms (FindLiveObjects: 0.492128 ms CreateObjectMapping: 0.322758 ms MarkObjects: 4.093775 ms  DeleteObjects: 0.833292 ms)

========================================================================
Received Prepare
Registering precompiled user dll's ...
Registered in 0.011705 seconds.
Begin MonoManager ReloadAssembly
Native extension for LinuxStandalone target not found
Native extension for WindowsStandalone target not found
Native extension for OSXStandalone target not found
Native extension for WebGL target not found
Refreshing native plugins compatible for Editor in 0.74 ms, found 2 plugins.
Preloading 0 native plugins for Editor in 0.00 ms.
Mono: successfully reloaded assembly
- Completed reload, in  2.170 seconds
Platform modules already initialized, skipping
Refreshing native plugins compatible for Editor in 0.87 ms, found 2 plugins.
Preloading 0 native plugins for Editor in 0.00 ms.
Unloading 3612 Unused Serialized files (Serialized files now loaded: 0)
System memory in use before: 370.6 MB.
System memory in use after: 369.0 MB.

Unloading 47 unused Assets to reduce memory usage. Loaded Objects now: 4083.
Total: 5.099410 ms (FindLiveObjects: 0.391213 ms CreateObjectMapping: 0.224096 ms MarkObjects: 3.734622 ms  DeleteObjects: 0.748038 ms)

========================================================================
Received Import Request.
  Time since last request: 107.665352 seconds.
  path: Assets/Player.physicMaterial
  artifactKey: Guid(0032ce37d102945adb29255d135b7421) Importer(815301076,1909f56bfc062723c751e8b465ee728b)
Start importing Assets/Player.physicMaterial using Guid(0032ce37d102945adb29255d135b7421) Importer(815301076,1909f56bfc062723c751e8b465ee728b)  -> (artifact id: '5426a627567b4a7545981ce7309ac05d') in 0.921587 seconds 
========================================================================
Received Import Request.
  Time since last request: 29.640967 seconds.
  path: Assets/Player.physicsMaterial2D
  artifactKey: Guid(01b7a5f29a23043dca1c5a24e20f7b90) Importer(815301076,1909f56bfc062723c751e8b465ee728b)
Start importing Assets/Player.physicsMaterial2D using Guid(01b7a5f29a23043dca1c5a24e20f7b90) Importer(815301076,1909f56bfc062723c751e8b465ee728b)  -> (artifact id: 'bc32375330afb9ce9c95c3216416116f') in 0.315699 seconds 
========================================================================
Received Prepare
Registering precompiled user dll's ...
Registered in 0.009043 seconds.
Begin MonoManager ReloadAssembly
Native extension for LinuxStandalone target not found
Native extension for WindowsStandalone target not found
Native extension for OSXStandalone target not found
Native extension for WebGL target not found
Refreshing native plugins compatible for Editor in 0.91 ms, found 2 plugins.
Preloading 0 native plugins for Editor in 0.00 ms.
Mono: successfully reloaded assembly
- Completed reload, in  2.294 seconds
Platform modules already initialized, skipping
Refreshing native plugins compatible for Editor in 1.32 ms, found 2 plugins.
Preloading 0 native plugins for Editor in 0.00 ms.
Unloading 3612 Unused Serialized files (Serialized files now loaded: 0)
System memory in use before: 379.4 MB.
System memory in use after: 377.8 MB.

Unloading 47 unused Assets to reduce memory usage. Loaded Objects now: 4086.
Total: 5.979679 ms (FindLiveObjects: 0.638642 ms CreateObjectMapping: 0.389157 ms MarkObjects: 4.108150 ms  DeleteObjects: 0.840312 ms)

========================================================================
Received Prepare
Registering precompiled user dll's ...
Registered in 0.003462 seconds.
Begin MonoManager ReloadAssembly
Native extension for LinuxStandalone target not found
Native extension for WindowsStandalone target not found
Native extension for OSXStandalone target not found
Native extension for WebGL target not found
Refreshing native plugins compatible for Editor in 3.03 ms, found 2 plugins.
Preloading 0 native plugins for Editor in 0.00 ms.
Mono: successfully reloaded assembly
- Completed reload, in  5.869 seconds
Platform modules already initialized, skipping
Refreshing native plugins compatible for Editor in 3.64 ms, found 2 plugins.
Preloading 0 native plugins for Editor in 0.00 ms.
Unloading 3612 Unused Serialized files (Serialized files now loaded: 0)
System memory in use before: 379.7 MB.
System memory in use after: 378.1 MB.

Unloading 47 unused Assets to reduce memory usage. Loaded Objects now: 4089.
Total: 14.548975 ms (FindLiveObjects: 0.833610 ms CreateObjectMapping: 0.578920 ms MarkObjects: 10.841932 ms  DeleteObjects: 2.289547 ms)

========================================================================
Received Prepare
Registering precompiled user dll's ...
Registered in 0.002858 seconds.
Begin MonoManager ReloadAssembly
Native extension for LinuxStandalone target not found
Native extension for WindowsStandalone target not found
Native extension for OSXStandalone target not found
Native extension for WebGL target not found
Refreshing native plugins compatible for Editor in 0.77 ms, found 2 plugins.
Preloading 0 native plugins for Editor in 0.00 ms.
Mono: successfully reloaded assembly
- Completed reload, in  1.733 seconds
Platform modules already initialized, skipping
Refreshing native plugins compatible for Editor in 0.82 ms, found 2 plugins.
Preloading 0 native plugins for Editor in 0.00 ms.
Unloading 3612 Unused Serialized files (Serialized files now loaded: 0)
System memory in use before: 380.0 MB.
System memory in use after: 378.4 MB.

Unloading 47 unused Assets to reduce memory usage. Loaded Objects now: 4092.
Total: 5.696029 ms (FindLiveObjects: 0.547640 ms CreateObjectMapping: 0.305085 ms MarkObjects: 3.957259 ms  DeleteObjects: 0.883646 ms)

========================================================================
Received Prepare
Registering precompiled user dll's ...
Registered in 0.002543 seconds.
Begin MonoManager ReloadAssembly
Native extension for LinuxStandalone target not found
Native extension for WindowsStandalone target not found
Native extension for OSXStandalone target not found
Native extension for WebGL target not found
Refreshing native plugins compatible for Editor in 0.97 ms, found 2 plugins.
Preloading 0 native plugins for Editor in 0.00 ms.
Mono: successfully reloaded assembly
- Completed reload, in  1.744 seconds
Platform modules already initialized, skipping
Refreshing native plugins compatible for Editor in 0.83 ms, found 2 plugins.
Preloading 0 native plugins for Editor in 0.00 ms.
Unloading 3612 Unused Serialized files (Serialized files now loaded: 0)
System memory in use before: 380.4 MB.
System memory in use after: 378.8 MB.

Unloading 47 unused Assets to reduce memory usage. Loaded Objects now: 4095.
Total: 4.310975 ms (FindLiveObjects: 0.388995 ms CreateObjectMapping: 0.219045 ms MarkObjects: 2.936409 ms  DeleteObjects: 0.764107 ms)

========================================================================
Received Prepare
Registering precompiled user dll's ...
Registered in 0.003867 seconds.
Begin MonoManager ReloadAssembly
Native extension for LinuxStandalone target not found
Native extension for WindowsStandalone target not found
Native extension for OSXStandalone target not found
Native extension for WebGL target not found
Refreshing native plugins compatible for Editor in 0.95 ms, found 2 plugins.
Preloading 0 native plugins for Editor in 0.00 ms.
Mono: successfully reloaded assembly
- Completed reload, in  1.673 seconds
Platform modules already initialized, skipping
Refreshing native plugins compatible for Editor in 1.05 ms, found 2 plugins.
Preloading 0 native plugins for Editor in 0.00 ms.
Unloading 3612 Unused Serialized files (Serialized files now loaded: 0)
System memory in use before: 380.7 MB.
System memory in use after: 379.1 MB.

Unloading 47 unused Assets to reduce memory usage. Loaded Objects now: 4098.
Total: 4.251426 ms (FindLiveObjects: 0.361615 ms CreateObjectMapping: 0.217336 ms MarkObjects: 2.928458 ms  DeleteObjects: 0.741272 ms)

========================================================================
Received Prepare
Registering precompiled user dll's ...
Registered in 0.007084 seconds.
Begin MonoManager ReloadAssembly
Native extension for LinuxStandalone target not found
Native extension for WindowsStandalone target not found
Native extension for OSXStandalone target not found
Native extension for WebGL target not found
Refreshing native plugins compatible for Editor in 0.75 ms, found 2 plugins.
Preloading 0 native plugins for Editor in 0.00 ms.
Mono: successfully reloaded assembly
- Completed reload, in  1.663 seconds
Platform modules already initialized, skipping
Refreshing native plugins compatible for Editor in 0.88 ms, found 2 plugins.
Preloading 0 native plugins for Editor in 0.00 ms.
Unloading 3612 Unused Serialized files (Serialized files now loaded: 0)
System memory in use before: 381.1 MB.
System memory in use after: 379.5 MB.

Unloading 47 unused Assets to reduce memory usage. Loaded Objects now: 4101.
Total: 4.735588 ms (FindLiveObjects: 0.549110 ms CreateObjectMapping: 0.306414 ms MarkObjects: 3.054075 ms  DeleteObjects: 0.824309 ms)

========================================================================
Received Prepare
Registering precompiled user dll's ...
Registered in 0.011531 seconds.
Begin MonoManager ReloadAssembly
Native extension for LinuxStandalone target not found
Native extension for WindowsStandalone target not found
Native extension for OSXStandalone target not found
Native extension for WebGL target not found
Refreshing native plugins compatible for Editor in 0.88 ms, found 2 plugins.
Preloading 0 native plugins for Editor in 0.00 ms.
Mono: successfully reloaded assembly
- Completed reload, in  2.115 seconds
Platform modules already initialized, skipping
Refreshing native plugins compatible for Editor in 0.80 ms, found 2 plugins.
Preloading 0 native plugins for Editor in 0.00 ms.
Unloading 3612 Unused Serialized files (Serialized files now loaded: 0)
System memory in use before: 381.4 MB.
System memory in use after: 379.8 MB.

Unloading 47 unused Assets to reduce memory usage. Loaded Objects now: 4104.
Total: 5.630123 ms (FindLiveObjects: 0.578505 ms CreateObjectMapping: 0.322455 ms MarkObjects: 3.883865 ms  DeleteObjects: 0.841544 ms)

========================================================================
Received Prepare
Registering precompiled user dll's ...
Registered in 0.003193 seconds.
Begin MonoManager ReloadAssembly
Native extension for LinuxStandalone target not found
Native extension for WindowsStandalone target not found
Native extension for OSXStandalone target not found
Native extension for WebGL target not found
Refreshing native plugins compatible for Editor in 0.90 ms, found 2 plugins.
Preloading 0 native plugins for Editor in 0.00 ms.
Mono: successfully reloaded assembly
- Completed reload, in  2.196 seconds
Platform modules already initialized, skipping
Refreshing native plugins compatible for Editor in 0.76 ms, found 2 plugins.
Preloading 0 native plugins for Editor in 0.00 ms.
Unloading 3612 Unused Serialized files (Serialized files now loaded: 0)
System memory in use before: 381.8 MB.
System memory in use after: 380.2 MB.

Unloading 47 unused Assets to reduce memory usage. Loaded Objects now: 4107.
Total: 10.017130 ms (FindLiveObjects: 1.665943 ms CreateObjectMapping: 1.330718 ms MarkObjects: 5.584852 ms  DeleteObjects: 1.431045 ms)

========================================================================
Received Prepare
Registering precompiled user dll's ...
Registered in 0.043249 seconds.
Begin MonoManager ReloadAssembly
Native extension for LinuxStandalone target not found
Native extension for WindowsStandalone target not found
Native extension for OSXStandalone target not found
Native extension for WebGL target not found
Refreshing native plugins compatible for Editor in 0.82 ms, found 2 plugins.
Preloading 0 native plugins for Editor in 0.00 ms.
Mono: successfully reloaded assembly
- Completed reload, in  1.815 seconds
Platform modules already initialized, skipping
Refreshing native plugins compatible for Editor in 0.84 ms, found 2 plugins.
Preloading 0 native plugins for Editor in 0.00 ms.
Unloading 3612 Unused Serialized files (Serialized files now loaded: 0)
System memory in use before: 381.1 MB.
System memory in use after: 379.5 MB.

Unloading 47 unused Assets to reduce memory usage. Loaded Objects now: 4110.
Total: 5.257157 ms (FindLiveObjects: 0.577915 ms CreateObjectMapping: 0.335878 ms MarkObjects: 3.515573 ms  DeleteObjects: 0.825606 ms)

========================================================================
Received Prepare
Registering precompiled user dll's ...
Registered in 0.003126 seconds.
Begin MonoManager ReloadAssembly
Native extension for LinuxStandalone target not found
Native extension for WindowsStandalone target not found
Native extension for OSXStandalone target not found
Native extension for WebGL target not found
Refreshing native plugins compatible for Editor in 0.74 ms, found 2 plugins.
Preloading 0 native plugins for Editor in 0.00 ms.
Mono: successfully reloaded assembly
- Completed reload, in  1.812 seconds
Platform modules already initialized, skipping
Refreshing native plugins compatible for Editor in 0.88 ms, found 2 plugins.
Preloading 0 native plugins for Editor in 0.00 ms.
Unloading 3612 Unused Serialized files (Serialized files now loaded: 0)
System memory in use before: 381.5 MB.
System memory in use after: 379.8 MB.

Unloading 47 unused Assets to reduce memory usage. Loaded Objects now: 4113.
Total: 11.302464 ms (FindLiveObjects: 1.160292 ms CreateObjectMapping: 1.521806 ms MarkObjects: 7.404533 ms  DeleteObjects: 1.214160 ms)

========================================================================
Received Import Request.
  Time since last request: 1130.161467 seconds.
  path: Assets/Player.physicsMaterial2D
  artifactKey: Guid(01b7a5f29a23043dca1c5a24e20f7b90) Importer(815301076,1909f56bfc062723c751e8b465ee728b)
Start importing Assets/Player.physicsMaterial2D using Guid(01b7a5f29a23043dca1c5a24e20f7b90) Importer(815301076,1909f56bfc062723c751e8b465ee728b)  -> (artifact id: '75f723a46f6daa6120407dd23f888121') in 0.042685 seconds 
========================================================================
Received Prepare
Registering precompiled user dll's ...
Registered in 0.008306 seconds.
Begin MonoManager ReloadAssembly
Native extension for LinuxStandalone target not found
Native extension for WindowsStandalone target not found
Native extension for OSXStandalone target not found
Native extension for WebGL target not found
Refreshing native plugins compatible for Editor in 0.75 ms, found 2 plugins.
Preloading 0 native plugins for Editor in 0.00 ms.
Mono: successfully reloaded assembly
- Completed reload, in  2.031 seconds
Platform modules already initialized, skipping
Refreshing native plugins compatible for Editor in 0.96 ms, found 2 plugins.
Preloading 0 native plugins for Editor in 0.00 ms.
Unloading 3612 Unused Serialized files (Serialized files now loaded: 0)
System memory in use before: 381.8 MB.
System memory in use after: 380.2 MB.

Unloading 47 unused Assets to reduce memory usage. Loaded Objects now: 4116.
Total: 5.577262 ms (FindLiveObjects: 0.496182 ms CreateObjectMapping: 0.316798 ms MarkObjects: 3.901432 ms  DeleteObjects: 0.860681 ms)

========================================================================
Received Prepare
Registering precompiled user dll's ...
Registered in 0.006250 seconds.
Begin MonoManager ReloadAssembly
Native extension for LinuxStandalone target not found
Native extension for WindowsStandalone target not found
Native extension for OSXStandalone target not found
Native extension for WebGL target not found
Refreshing native plugins compatible for Editor in 0.77 ms, found 2 plugins.
Preloading 0 native plugins for Editor in 0.00 ms.
Mono: successfully reloaded assembly
- Completed reload, in  1.786 seconds
Platform modules already initialized, skipping
Refreshing native plugins compatible for Editor in 0.83 ms, found 2 plugins.
Preloading 0 native plugins for Editor in 0.00 ms.
Unloading 3612 Unused Serialized files (Serialized files now loaded: 0)
System memory in use before: 382.1 MB.
System memory in use after: 380.5 MB.

Unloading 47 unused Assets to reduce memory usage. Loaded Objects now: 4119.
Total: 5.808758 ms (FindLiveObjects: 0.361222 ms CreateObjectMapping: 0.218632 ms MarkObjects: 3.102754 ms  DeleteObjects: 2.122568 ms)

========================================================================
Received Prepare
Registering precompiled user dll's ...
Registered in 0.009991 seconds.
Begin MonoManager ReloadAssembly
Native extension for LinuxStandalone target not found
Native extension for WindowsStandalone target not found
Native extension for OSXStandalone target not found
Native extension for WebGL target not found
Refreshing native plugins compatible for Editor in 1.29 ms, found 2 plugins.
Preloading 0 native plugins for Editor in 0.00 ms.
Mono: successfully reloaded assembly
- Completed reload, in  5.685 seconds
Platform modules already initialized, skipping
Refreshing native plugins compatible for Editor in 0.76 ms, found 2 plugins.
Preloading 0 native plugins for Editor in 0.00 ms.
Unloading 3612 Unused Serialized files (Serialized files now loaded: 0)
System memory in use before: 382.5 MB.
System memory in use after: 380.9 MB.

Unloading 47 unused Assets to reduce memory usage. Loaded Objects now: 4122.
Total: 5.612367 ms (FindLiveObjects: 0.533463 ms CreateObjectMapping: 0.304577 ms MarkObjects: 3.928765 ms  DeleteObjects: 0.843019 ms)

========================================================================
Received Import Request.
  Time since last request: 220.366682 seconds.
  path: Assets/Player.physicsMaterial2D
  artifactKey: Guid(01b7a5f29a23043dca1c5a24e20f7b90) Importer(815301076,1909f56bfc062723c751e8b465ee728b)
Start importing Assets/Player.physicsMaterial2D using Guid(01b7a5f29a23043dca1c5a24e20f7b90) Importer(815301076,1909f56bfc062723c751e8b465ee728b)  -> (artifact id: '7ecefbb789396ca3d156be8e9c7a262f') in 0.077780 seconds 
========================================================================
Received Prepare
Registering precompiled user dll's ...
Registered in 0.003940 seconds.
Begin MonoManager ReloadAssembly
Native extension for LinuxStandalone target not found
Native extension for WindowsStandalone target not found
Native extension for OSXStandalone target not found
Native extension for WebGL target not found
Refreshing native plugins compatible for Editor in 2.17 ms, found 2 plugins.
Preloading 0 native plugins for Editor in 0.00 ms.
Mono: successfully reloaded assembly
- Completed reload, in  2.109 seconds
Platform modules already initialized, skipping
Refreshing native plugins compatible for Editor in 0.84 ms, found 2 plugins.
Preloading 0 native plugins for Editor in 0.00 ms.
Unloading 3612 Unused Serialized files (Serialized files now loaded: 0)
System memory in use before: 382.8 MB.
System memory in use after: 381.2 MB.

Unloading 47 unused Assets to reduce memory usage. Loaded Objects now: 4125.
Total: 6.916455 ms (FindLiveObjects: 0.568445 ms CreateObjectMapping: 0.324543 ms MarkObjects: 3.375363 ms  DeleteObjects: 2.645992 ms)

========================================================================
Received Prepare
Registering precompiled user dll's ...
Registered in 0.003640 seconds.
Begin MonoManager ReloadAssembly
Native extension for LinuxStandalone target not found
Native extension for WindowsStandalone target not found
Native extension for OSXStandalone target not found
Native extension for WebGL target not found
Refreshing native plugins compatible for Editor in 1.02 ms, found 2 plugins.
Preloading 0 native plugins for Editor in 0.00 ms.
Mono: successfully reloaded assembly
- Completed reload, in  2.025 seconds
Platform modules already initialized, skipping
Refreshing native plugins compatible for Editor in 0.88 ms, found 2 plugins.
Preloading 0 native plugins for Editor in 0.00 ms.
Unloading 3612 Unused Serialized files (Serialized files now loaded: 0)
System memory in use before: 383.2 MB.
System memory in use after: 381.5 MB.

Unloading 47 unused Assets to reduce memory usage. Loaded Objects now: 4128.
Total: 5.242297 ms (FindLiveObjects: 0.467140 ms CreateObjectMapping: 0.315580 ms MarkObjects: 3.653460 ms  DeleteObjects: 0.803698 ms)

========================================================================
Received Prepare
Registering precompiled user dll's ...
Registered in 0.013616 seconds.
Begin MonoManager ReloadAssembly
Native extension for LinuxStandalone target not found
Native extension for WindowsStandalone target not found
Native extension for OSXStandalone target not found
Native extension for WebGL target not found
Refreshing native plugins compatible for Editor in 1.09 ms, found 2 plugins.
Preloading 0 native plugins for Editor in 0.00 ms.
Mono: successfully reloaded assembly
- Completed reload, in  2.687 seconds
Platform modules already initialized, skipping
Refreshing native plugins compatible for Editor in 6.28 ms, found 2 plugins.
Preloading 0 native plugins for Editor in 0.00 ms.
Unloading 3612 Unused Serialized files (Serialized files now loaded: 0)
System memory in use before: 383.5 MB.
System memory in use after: 381.9 MB.

Unloading 47 unused Assets to reduce memory usage. Loaded Objects now: 4131.
Total: 14.342876 ms (FindLiveObjects: 2.314152 ms CreateObjectMapping: 3.278440 ms MarkObjects: 7.192955 ms  DeleteObjects: 1.544946 ms)

========================================================================
Received Prepare
Registering precompiled user dll's ...
Registered in 0.002567 seconds.
Begin MonoManager ReloadAssembly
Native extension for LinuxStandalone target not found
Native extension for WindowsStandalone target not found
Native extension for OSXStandalone target not found
Native extension for WebGL target not found
Refreshing native plugins compatible for Editor in 0.75 ms, found 2 plugins.
Preloading 0 native plugins for Editor in 0.00 ms.
Mono: successfully reloaded assembly
- Completed reload, in  1.667 seconds
Platform modules already initialized, skipping
Refreshing native plugins compatible for Editor in 0.76 ms, found 2 plugins.
Preloading 0 native plugins for Editor in 0.00 ms.
Unloading 3612 Unused Serialized files (Serialized files now loaded: 0)
System memory in use before: 383.8 MB.
System memory in use after: 382.2 MB.

Unloading 47 unused Assets to reduce memory usage. Loaded Objects now: 4134.
Total: 4.426753 ms (FindLiveObjects: 0.364116 ms CreateObjectMapping: 0.219424 ms MarkObjects: 2.965459 ms  DeleteObjects: 0.874426 ms)

========================================================================
Received Prepare
Registering precompiled user dll's ...
Registered in 0.003721 seconds.
Begin MonoManager ReloadAssembly
Native extension for LinuxStandalone target not found
Native extension for WindowsStandalone target not found
Native extension for OSXStandalone target not found
Native extension for WebGL target not found
Refreshing native plugins compatible for Editor in 0.76 ms, found 2 plugins.
Preloading 0 native plugins for Editor in 0.00 ms.
Mono: successfully reloaded assembly
- Completed reload, in  1.791 seconds
Platform modules already initialized, skipping
Refreshing native plugins compatible for Editor in 0.75 ms, found 2 plugins.
Preloading 0 native plugins for Editor in 0.00 ms.
Unloading 3612 Unused Serialized files (Serialized files now loaded: 0)
System memory in use before: 383.2 MB.
System memory in use after: 381.6 MB.

Unloading 47 unused Assets to reduce memory usage. Loaded Objects now: 4137.
Total: 4.423600 ms (FindLiveObjects: 0.430010 ms CreateObjectMapping: 0.218724 ms MarkObjects: 3.031160 ms  DeleteObjects: 0.741713 ms)

========================================================================
Received Prepare
Registering precompiled user dll's ...
Registered in 0.003099 seconds.
Begin MonoManager ReloadAssembly
Native extension for LinuxStandalone target not found
Native extension for WindowsStandalone target not found
Native extension for OSXStandalone target not found
Native extension for WebGL target not found
Refreshing native plugins compatible for Editor in 0.74 ms, found 2 plugins.
Preloading 0 native plugins for Editor in 0.00 ms.
Mono: successfully reloaded assembly
- Completed reload, in  1.700 seconds
Platform modules already initialized, skipping
Refreshing native plugins compatible for Editor in 1.41 ms, found 2 plugins.
Preloading 0 native plugins for Editor in 0.00 ms.
Unloading 3612 Unused Serialized files (Serialized files now loaded: 0)
System memory in use before: 383.5 MB.
System memory in use after: 381.9 MB.

Unloading 47 unused Assets to reduce memory usage. Loaded Objects now: 4140.
Total: 5.220051 ms (FindLiveObjects: 0.582997 ms CreateObjectMapping: 0.447449 ms MarkObjects: 3.386932 ms  DeleteObjects: 0.801056 ms)

========================================================================
Received Prepare
Registering precompiled user dll's ...
Registered in 0.007247 seconds.
Begin MonoManager ReloadAssembly
Native extension for LinuxStandalone target not found
Native extension for WindowsStandalone target not found
Native extension for OSXStandalone target not found
Native extension for WebGL target not found
Refreshing native plugins compatible for Editor in 0.77 ms, found 2 plugins.
Preloading 0 native plugins for Editor in 0.00 ms.
Mono: successfully reloaded assembly
- Completed reload, in  1.897 seconds
Platform modules already initialized, skipping
Refreshing native plugins compatible for Editor in 0.78 ms, found 2 plugins.
Preloading 0 native plugins for Editor in 0.00 ms.
Unloading 3612 Unused Serialized files (Serialized files now loaded: 0)
System memory in use before: 383.9 MB.
System memory in use after: 382.3 MB.

Unloading 47 unused Assets to reduce memory usage. Loaded Objects now: 4143.
Total: 5.672707 ms (FindLiveObjects: 0.357238 ms CreateObjectMapping: 0.213636 ms MarkObjects: 3.065811 ms  DeleteObjects: 2.034350 ms)

========================================================================
Received Prepare
Registering precompiled user dll's ...
Registered in 0.009087 seconds.
Begin MonoManager ReloadAssembly
Native extension for LinuxStandalone target not found
Native extension for WindowsStandalone target not found
Native extension for OSXStandalone target not found
Native extension for WebGL target not found
Refreshing native plugins compatible for Editor in 0.95 ms, found 2 plugins.
Preloading 0 native plugins for Editor in 0.00 ms.
Mono: successfully reloaded assembly
- Completed reload, in  2.141 seconds
Platform modules already initialized, skipping
Refreshing native plugins compatible for Editor in 0.88 ms, found 2 plugins.
Preloading 0 native plugins for Editor in 0.00 ms.
Unloading 3612 Unused Serialized files (Serialized files now loaded: 0)
System memory in use before: 384.2 MB.
System memory in use after: 382.6 MB.

Unloading 47 unused Assets to reduce memory usage. Loaded Objects now: 4146.
Total: 5.711780 ms (FindLiveObjects: 0.561685 ms CreateObjectMapping: 0.333440 ms MarkObjects: 3.931700 ms  DeleteObjects: 0.859513 ms)

========================================================================
Received Prepare
Registering precompiled user dll's ...
Registered in 0.003964 seconds.
Begin MonoManager ReloadAssembly
Native extension for LinuxStandalone target not found
Native extension for WindowsStandalone target not found
Native extension for OSXStandalone target not found
Native extension for WebGL target not found
Refreshing native plugins compatible for Editor in 1.65 ms, found 2 plugins.
Preloading 0 native plugins for Editor in 0.00 ms.
Mono: successfully reloaded assembly
- Completed reload, in  3.531 seconds
Platform modules already initialized, skipping
Refreshing native plugins compatible for Editor in 0.79 ms, found 2 plugins.
Preloading 0 native plugins for Editor in 0.00 ms.
Unloading 3612 Unused Serialized files (Serialized files now loaded: 0)
System memory in use before: 384.6 MB.
System memory in use after: 382.9 MB.

Unloading 47 unused Assets to reduce memory usage. Loaded Objects now: 4149.
Total: 6.327128 ms (FindLiveObjects: 0.658543 ms CreateObjectMapping: 0.405175 ms MarkObjects: 4.235637 ms  DeleteObjects: 1.022664 ms)

========================================================================
Received Prepare
Registering precompiled user dll's ...
Registered in 0.003969 seconds.
Begin MonoManager ReloadAssembly
Native extension for LinuxStandalone target not found
Native extension for WindowsStandalone target not found
Native extension for OSXStandalone target not found
Native extension for WebGL target not found
Refreshing native plugins compatible for Editor in 0.80 ms, found 2 plugins.
Preloading 0 native plugins for Editor in 0.00 ms.
Mono: successfully reloaded assembly
- Completed reload, in  2.145 seconds
Platform modules already initialized, skipping
Refreshing native plugins compatible for Editor in 0.85 ms, found 2 plugins.
Preloading 0 native plugins for Editor in 0.00 ms.
Unloading 3612 Unused Serialized files (Serialized files now loaded: 0)
System memory in use before: 384.9 MB.
System memory in use after: 383.3 MB.

Unloading 47 unused Assets to reduce memory usage. Loaded Objects now: 4152.
Total: 5.838154 ms (FindLiveObjects: 0.606275 ms CreateObjectMapping: 0.338225 ms MarkObjects: 3.920139 ms  DeleteObjects: 0.971076 ms)

========================================================================
Received Import Request.
  Time since last request: 2081.926386 seconds.
  path: Assets/Scripts
  artifactKey: Guid(42700d1b876f84e11967880aadf67a27) Importer(815301076,1909f56bfc062723c751e8b465ee728b)
Start importing Assets/Scripts using Guid(42700d1b876f84e11967880aadf67a27) Importer(815301076,1909f56bfc062723c751e8b465ee728b)  -> (artifact id: '5f1d2aae33f2f36b274564e23108e683') in 0.009121 seconds 
========================================================================
Received Prepare
Registering precompiled user dll's ...
Registered in 0.003354 seconds.
Begin MonoManager ReloadAssembly
Native extension for LinuxStandalone target not found
Native extension for WindowsStandalone target not found
Native extension for OSXStandalone target not found
Native extension for WebGL target not found
Refreshing native plugins compatible for Editor in 4.56 ms, found 2 plugins.
Preloading 0 native plugins for Editor in 0.00 ms.
Mono: successfully reloaded assembly
- Completed reload, in  6.327 seconds
Platform modules already initialized, skipping
Refreshing native plugins compatible for Editor in 0.88 ms, found 2 plugins.
Preloading 0 native plugins for Editor in 0.00 ms.
Unloading 3612 Unused Serialized files (Serialized files now loaded: 0)
System memory in use before: 385.2 MB.
System memory in use after: 383.6 MB.

Unloading 47 unused Assets to reduce memory usage. Loaded Objects now: 4155.
Total: 7.358205 ms (FindLiveObjects: 0.759017 ms CreateObjectMapping: 0.424892 ms MarkObjects: 3.802147 ms  DeleteObjects: 2.369675 ms)

========================================================================
Received Prepare
Registering precompiled user dll's ...
Registered in 0.009628 seconds.
Begin MonoManager ReloadAssembly
Native extension for LinuxStandalone target not found
Native extension for WindowsStandalone target not found
Native extension for OSXStandalone target not found
Native extension for WebGL target not found
Refreshing native plugins compatible for Editor in 0.79 ms, found 2 plugins.
Preloading 0 native plugins for Editor in 0.00 ms.
Mono: successfully reloaded assembly
- Completed reload, in  1.830 seconds
Platform modules already initialized, skipping
Refreshing native plugins compatible for Editor in 1.13 ms, found 2 plugins.
Preloading 0 native plugins for Editor in 0.00 ms.
Unloading 3612 Unused Serialized files (Serialized files now loaded: 0)
System memory in use before: 385.6 MB.
System memory in use after: 383.9 MB.

Unloading 47 unused Assets to reduce memory usage. Loaded Objects now: 4158.
Total: 5.967170 ms (FindLiveObjects: 0.583280 ms CreateObjectMapping: 0.308158 ms MarkObjects: 4.260638 ms  DeleteObjects: 0.812830 ms)

========================================================================
Received Prepare
Registering precompiled user dll's ...
Registered in 0.002630 seconds.
Begin MonoManager ReloadAssembly
Native extension for LinuxStandalone target not found
Native extension for WindowsStandalone target not found
Native extension for OSXStandalone target not found
Native extension for WebGL target not found
Refreshing native plugins compatible for Editor in 0.78 ms, found 2 plugins.
Preloading 0 native plugins for Editor in 0.00 ms.
Mono: successfully reloaded assembly
- Completed reload, in  1.759 seconds
Platform modules already initialized, skipping
Refreshing native plugins compatible for Editor in 0.84 ms, found 2 plugins.
Preloading 0 native plugins for Editor in 0.00 ms.
Unloading 3612 Unused Serialized files (Serialized files now loaded: 0)
System memory in use before: 385.0 MB.
System memory in use after: 383.3 MB.

Unloading 47 unused Assets to reduce memory usage. Loaded Objects now: 4161.
Total: 8.560626 ms (FindLiveObjects: 2.201567 ms CreateObjectMapping: 0.595518 ms MarkObjects: 3.759146 ms  DeleteObjects: 1.999610 ms)

========================================================================
Received Prepare
Registering precompiled user dll's ...
Registered in 0.002727 seconds.
Begin MonoManager ReloadAssembly
Native extension for LinuxStandalone target not found
Native extension for WindowsStandalone target not found
Native extension for OSXStandalone target not found
Native extension for WebGL target not found
Refreshing native plugins compatible for Editor in 0.72 ms, found 2 plugins.
Preloading 0 native plugins for Editor in 0.00 ms.
Mono: successfully reloaded assembly
- Completed reload, in  1.757 seconds
Platform modules already initialized, skipping
Refreshing native plugins compatible for Editor in 0.74 ms, found 2 plugins.
Preloading 0 native plugins for Editor in 0.00 ms.
Unloading 3612 Unused Serialized files (Serialized files now loaded: 0)
System memory in use before: 385.3 MB.
System memory in use after: 383.7 MB.

Unloading 47 unused Assets to reduce memory usage. Loaded Objects now: 4164.
Total: 4.655839 ms (FindLiveObjects: 0.386236 ms CreateObjectMapping: 0.224796 ms MarkObjects: 3.283573 ms  DeleteObjects: 0.758425 ms)

========================================================================
Received Prepare
Registering precompiled user dll's ...
Registered in 0.004708 seconds.
Begin MonoManager ReloadAssembly
Native extension for LinuxStandalone target not found
Native extension for WindowsStandalone target not found
Native extension for OSXStandalone target not found
Native extension for WebGL target not found
Refreshing native plugins compatible for Editor in 0.75 ms, found 2 plugins.
Preloading 0 native plugins for Editor in 0.00 ms.
Mono: successfully reloaded assembly
- Completed reload, in  2.255 seconds
Platform modules already initialized, skipping
Refreshing native plugins compatible for Editor in 1.20 ms, found 2 plugins.
Preloading 0 native plugins for Editor in 0.00 ms.
Unloading 3612 Unused Serialized files (Serialized files now loaded: 0)
System memory in use before: 385.6 MB.
System memory in use after: 384.0 MB.

Unloading 47 unused Assets to reduce memory usage. Loaded Objects now: 4167.
Total: 8.122678 ms (FindLiveObjects: 0.815496 ms CreateObjectMapping: 0.532632 ms MarkObjects: 5.331702 ms  DeleteObjects: 1.440368 ms)

========================================================================
Received Prepare
Registering precompiled user dll's ...
Registered in 0.002615 seconds.
Begin MonoManager ReloadAssembly
Native extension for LinuxStandalone target not found
Native extension for WindowsStandalone target not found
Native extension for OSXStandalone target not found
Native extension for WebGL target not found
Refreshing native plugins compatible for Editor in 0.75 ms, found 2 plugins.
Preloading 0 native plugins for Editor in 0.00 ms.
Mono: successfully reloaded assembly
- Completed reload, in  1.867 seconds
Platform modules already initialized, skipping
Refreshing native plugins compatible for Editor in 0.84 ms, found 2 plugins.
Preloading 0 native plugins for Editor in 0.00 ms.
Unloading 3612 Unused Serialized files (Serialized files now loaded: 0)
System memory in use before: 386.0 MB.
System memory in use after: 384.4 MB.

Unloading 47 unused Assets to reduce memory usage. Loaded Objects now: 4170.
Total: 6.107886 ms (FindLiveObjects: 0.534495 ms CreateObjectMapping: 0.354950 ms MarkObjects: 4.321230 ms  DeleteObjects: 0.894740 ms)

========================================================================
Received Prepare
Registering precompiled user dll's ...
Registered in 0.002675 seconds.
Begin MonoManager ReloadAssembly
Native extension for LinuxStandalone target not found
Native extension for WindowsStandalone target not found
Native extension for OSXStandalone target not found
Native extension for WebGL target not found
Refreshing native plugins compatible for Editor in 0.75 ms, found 2 plugins.
Preloading 0 native plugins for Editor in 0.00 ms.
Mono: successfully reloaded assembly
- Completed reload, in  1.715 seconds
Platform modules already initialized, skipping
Refreshing native plugins compatible for Editor in 0.86 ms, found 2 plugins.
Preloading 0 native plugins for Editor in 0.00 ms.
Unloading 3612 Unused Serialized files (Serialized files now loaded: 0)
System memory in use before: 386.3 MB.
System memory in use after: 384.7 MB.

Unloading 47 unused Assets to reduce memory usage. Loaded Objects now: 4173.
Total: 4.527525 ms (FindLiveObjects: 0.370305 ms CreateObjectMapping: 0.198833 ms MarkObjects: 3.065143 ms  DeleteObjects: 0.891374 ms)

========================================================================
Received Prepare
Registering precompiled user dll's ...
Registered in 0.002667 seconds.
Begin MonoManager ReloadAssembly
Native extension for LinuxStandalone target not found
Native extension for WindowsStandalone target not found
Native extension for OSXStandalone target not found
Native extension for WebGL target not found
Refreshing native plugins compatible for Editor in 0.73 ms, found 2 plugins.
Preloading 0 native plugins for Editor in 0.00 ms.
Mono: successfully reloaded assembly
- Completed reload, in  1.702 seconds
Platform modules already initialized, skipping
Refreshing native plugins compatible for Editor in 0.91 ms, found 2 plugins.
Preloading 0 native plugins for Editor in 0.00 ms.
Unloading 3612 Unused Serialized files (Serialized files now loaded: 0)
System memory in use before: 386.6 MB.
System memory in use after: 385.0 MB.

Unloading 47 unused Assets to reduce memory usage. Loaded Objects now: 4176.
Total: 5.525619 ms (FindLiveObjects: 1.324721 ms CreateObjectMapping: 0.320126 ms MarkObjects: 3.111262 ms  DeleteObjects: 0.768035 ms)

========================================================================
Received Prepare
Registering precompiled user dll's ...
Registered in 0.002907 seconds.
Begin MonoManager ReloadAssembly
Native extension for LinuxStandalone target not found
Native extension for WindowsStandalone target not found
Native extension for OSXStandalone target not found
Native extension for WebGL target not found
Refreshing native plugins compatible for Editor in 1.31 ms, found 2 plugins.
Preloading 0 native plugins for Editor in 0.00 ms.
Mono: successfully reloaded assembly
- Completed reload, in  1.841 seconds
Platform modules already initialized, skipping
Refreshing native plugins compatible for Editor in 0.76 ms, found 2 plugins.
Preloading 0 native plugins for Editor in 0.00 ms.
Unloading 3612 Unused Serialized files (Serialized files now loaded: 0)
System memory in use before: 387.0 MB.
System memory in use after: 385.4 MB.

Unloading 47 unused Assets to reduce memory usage. Loaded Objects now: 4179.
Total: 5.528510 ms (FindLiveObjects: 0.345855 ms CreateObjectMapping: 0.193702 ms MarkObjects: 2.883286 ms  DeleteObjects: 2.104022 ms)

========================================================================
Received Prepare
Registering precompiled user dll's ...
Registered in 0.003172 seconds.
Begin MonoManager ReloadAssembly
Native extension for LinuxStandalone target not found
Native extension for WindowsStandalone target not found
Native extension for OSXStandalone target not found
Native extension for WebGL target not found
Refreshing native plugins compatible for Editor in 0.74 ms, found 2 plugins.
Preloading 0 native plugins for Editor in 0.00 ms.
Mono: successfully reloaded assembly
- Completed reload, in  1.696 seconds
Platform modules already initialized, skipping
Refreshing native plugins compatible for Editor in 0.75 ms, found 2 plugins.
Preloading 0 native plugins for Editor in 0.00 ms.
Unloading 3612 Unused Serialized files (Serialized files now loaded: 0)
System memory in use before: 387.3 MB.
System memory in use after: 385.7 MB.

Unloading 47 unused Assets to reduce memory usage. Loaded Objects now: 4182.
Total: 4.213640 ms (FindLiveObjects: 0.351203 ms CreateObjectMapping: 0.200161 ms MarkObjects: 2.921990 ms  DeleteObjects: 0.738700 ms)

========================================================================
Received Prepare
Registering precompiled user dll's ...
Registered in 0.002829 seconds.
Begin MonoManager ReloadAssembly
Native extension for LinuxStandalone target not found
Native extension for WindowsStandalone target not found
Native extension for OSXStandalone target not found
Native extension for WebGL target not found
Refreshing native plugins compatible for Editor in 0.78 ms, found 2 plugins.
Preloading 0 native plugins for Editor in 0.00 ms.
Mono: successfully reloaded assembly
- Completed reload, in  1.746 seconds
Platform modules already initialized, skipping
Refreshing native plugins compatible for Editor in 0.81 ms, found 2 plugins.
Preloading 0 native plugins for Editor in 0.00 ms.
Unloading 3612 Unused Serialized files (Serialized files now loaded: 0)
System memory in use before: 387.6 MB.
System memory in use after: 386.0 MB.

Unloading 47 unused Assets to reduce memory usage. Loaded Objects now: 4185.
Total: 5.694963 ms (FindLiveObjects: 0.535400 ms CreateObjectMapping: 0.299685 ms MarkObjects: 4.049225 ms  DeleteObjects: 0.808353 ms)

========================================================================
Received Prepare
Registering precompiled user dll's ...
Registered in 0.002878 seconds.
Begin MonoManager ReloadAssembly
Native extension for LinuxStandalone target not found
Native extension for WindowsStandalone target not found
Native extension for OSXStandalone target not found
Native extension for WebGL target not found
Refreshing native plugins compatible for Editor in 0.83 ms, found 2 plugins.
Preloading 0 native plugins for Editor in 0.00 ms.
Mono: successfully reloaded assembly
- Completed reload, in  1.806 seconds
Platform modules already initialized, skipping
Refreshing native plugins compatible for Editor in 0.77 ms, found 2 plugins.
Preloading 0 native plugins for Editor in 0.00 ms.
Unloading 3612 Unused Serialized files (Serialized files now loaded: 0)
System memory in use before: 387.0 MB.
System memory in use after: 385.4 MB.

Unloading 47 unused Assets to reduce memory usage. Loaded Objects now: 4188.
Total: 4.394753 ms (FindLiveObjects: 0.379308 ms CreateObjectMapping: 0.197000 ms MarkObjects: 3.061760 ms  DeleteObjects: 0.755082 ms)

========================================================================
Received Prepare
Registering precompiled user dll's ...
Registered in 0.003498 seconds.
Begin MonoManager ReloadAssembly
Native extension for LinuxStandalone target not found
Native extension for WindowsStandalone target not found
Native extension for OSXStandalone target not found
Native extension for WebGL target not found
Refreshing native plugins compatible for Editor in 0.77 ms, found 2 plugins.
Preloading 0 native plugins for Editor in 0.00 ms.
Mono: successfully reloaded assembly
- Completed reload, in  1.750 seconds
Platform modules already initialized, skipping
Refreshing native plugins compatible for Editor in 0.76 ms, found 2 plugins.
Preloading 0 native plugins for Editor in 0.00 ms.
Unloading 3612 Unused Serialized files (Serialized files now loaded: 0)
System memory in use before: 387.4 MB.
System memory in use after: 385.8 MB.

Unloading 47 unused Assets to reduce memory usage. Loaded Objects now: 4191.
Total: 4.891540 ms (FindLiveObjects: 0.519175 ms CreateObjectMapping: 0.297660 ms MarkObjects: 3.170905 ms  DeleteObjects: 0.901769 ms)

========================================================================
Received Prepare
Registering precompiled user dll's ...
Registered in 0.004065 seconds.
Begin MonoManager ReloadAssembly
Native extension for LinuxStandalone target not found
Native extension for WindowsStandalone target not found
Native extension for OSXStandalone target not found
Native extension for WebGL target not found
Refreshing native plugins compatible for Editor in 0.74 ms, found 2 plugins.
Preloading 0 native plugins for Editor in 0.00 ms.
Mono: successfully reloaded assembly
- Completed reload, in  2.296 seconds
Platform modules already initialized, skipping
Refreshing native plugins compatible for Editor in 0.92 ms, found 2 plugins.
Preloading 0 native plugins for Editor in 0.00 ms.
Unloading 3612 Unused Serialized files (Serialized files now loaded: 0)
System memory in use before: 387.7 MB.
System memory in use after: 386.1 MB.

Unloading 47 unused Assets to reduce memory usage. Loaded Objects now: 4194.
Total: 5.222150 ms (FindLiveObjects: 0.587277 ms CreateObjectMapping: 0.298315 ms MarkObjects: 3.494647 ms  DeleteObjects: 0.839540 ms)

========================================================================
Received Prepare
Registering precompiled user dll's ...
Registered in 0.003619 seconds.
Begin MonoManager ReloadAssembly
Native extension for LinuxStandalone target not found
Native extension for WindowsStandalone target not found
Native extension for OSXStandalone target not found
Native extension for WebGL target not found
Refreshing native plugins compatible for Editor in 0.79 ms, found 2 plugins.
Preloading 0 native plugins for Editor in 0.00 ms.
Mono: successfully reloaded assembly
- Completed reload, in  1.905 seconds
Platform modules already initialized, skipping
Refreshing native plugins compatible for Editor in 0.82 ms, found 2 plugins.
Preloading 0 native plugins for Editor in 0.00 ms.
Unloading 3612 Unused Serialized files (Serialized files now loaded: 0)
System memory in use before: 388.1 MB.
System memory in use after: 386.5 MB.

Unloading 47 unused Assets to reduce memory usage. Loaded Objects now: 4197.
Total: 4.657264 ms (FindLiveObjects: 0.426650 ms CreateObjectMapping: 0.206080 ms MarkObjects: 3.157853 ms  DeleteObjects: 0.864853 ms)

========================================================================
Received Prepare
Registering precompiled user dll's ...
Registered in 0.003560 seconds.
Begin MonoManager ReloadAssembly
Native extension for LinuxStandalone target not found
Native extension for WindowsStandalone target not found
Native extension for OSXStandalone target not found
Native extension for WebGL target not found
Refreshing native plugins compatible for Editor in 0.75 ms, found 2 plugins.
Preloading 0 native plugins for Editor in 0.00 ms.
Mono: successfully reloaded assembly
- Completed reload, in  1.753 seconds
Platform modules already initialized, skipping
Refreshing native plugins compatible for Editor in 0.82 ms, found 2 plugins.
Preloading 0 native plugins for Editor in 0.00 ms.
Unloading 3612 Unused Serialized files (Serialized files now loaded: 0)
System memory in use before: 388.4 MB.
System memory in use after: 386.8 MB.

Unloading 47 unused Assets to reduce memory usage. Loaded Objects now: 4200.
Total: 4.377950 ms (FindLiveObjects: 0.443656 ms CreateObjectMapping: 0.232798 ms MarkObjects: 2.939322 ms  DeleteObjects: 0.760327 ms)

========================================================================
Received Prepare
Registering precompiled user dll's ...
Registered in 0.008956 seconds.
Begin MonoManager ReloadAssembly
Native extension for LinuxStandalone target not found
Native extension for WindowsStandalone target not found
Native extension for OSXStandalone target not found
Native extension for WebGL target not found
Refreshing native plugins compatible for Editor in 0.91 ms, found 2 plugins.
Preloading 0 native plugins for Editor in 0.00 ms.
Mono: successfully reloaded assembly
- Completed reload, in  1.886 seconds
Platform modules already initialized, skipping
Refreshing native plugins compatible for Editor in 0.84 ms, found 2 plugins.
Preloading 0 native plugins for Editor in 0.00 ms.
Unloading 3612 Unused Serialized files (Serialized files now loaded: 0)
System memory in use before: 388.7 MB.
System memory in use after: 387.1 MB.

Unloading 47 unused Assets to reduce memory usage. Loaded Objects now: 4203.
Total: 5.536188 ms (FindLiveObjects: 0.611068 ms CreateObjectMapping: 0.357625 ms MarkObjects: 3.704993 ms  DeleteObjects: 0.860643 ms)

========================================================================
Received Prepare
Registering precompiled user dll's ...
Registered in 0.004950 seconds.
Begin MonoManager ReloadAssembly
Native extension for LinuxStandalone target not found
Native extension for WindowsStandalone target not found
Native extension for OSXStandalone target not found
Native extension for WebGL target not found
Refreshing native plugins compatible for Editor in 0.75 ms, found 2 plugins.
Preloading 0 native plugins for Editor in 0.00 ms.
Mono: successfully reloaded assembly
- Completed reload, in  1.788 seconds
Platform modules already initialized, skipping
Refreshing native plugins compatible for Editor in 0.87 ms, found 2 plugins.
Preloading 0 native plugins for Editor in 0.00 ms.
Unloading 3612 Unused Serialized files (Serialized files now loaded: 0)
System memory in use before: 389.1 MB.
System memory in use after: 387.4 MB.

Unloading 47 unused Assets to reduce memory usage. Loaded Objects now: 4206.
Total: 10.105611 ms (FindLiveObjects: 0.774015 ms CreateObjectMapping: 0.288651 ms MarkObjects: 7.263203 ms  DeleteObjects: 1.774731 ms)

========================================================================
Received Prepare
Registering precompiled user dll's ...
Registered in 0.002523 seconds.
Begin MonoManager ReloadAssembly
Native extension for LinuxStandalone target not found
Native extension for WindowsStandalone target not found
Native extension for OSXStandalone target not found
Native extension for WebGL target not found
Refreshing native plugins compatible for Editor in 1.41 ms, found 2 plugins.
Preloading 0 native plugins for Editor in 0.00 ms.
Mono: successfully reloaded assembly
- Completed reload, in  1.927 seconds
Platform modules already initialized, skipping
Refreshing native plugins compatible for Editor in 0.84 ms, found 2 plugins.
Preloading 0 native plugins for Editor in 0.00 ms.
Unloading 3612 Unused Serialized files (Serialized files now loaded: 0)
System memory in use before: 389.4 MB.
System memory in use after: 387.8 MB.

Unloading 47 unused Assets to reduce memory usage. Loaded Objects now: 4209.
Total: 5.979836 ms (FindLiveObjects: 0.535225 ms CreateObjectMapping: 0.303438 ms MarkObjects: 4.311819 ms  DeleteObjects: 0.827307 ms)

========================================================================
Received Prepare
Registering precompiled user dll's ...
Registered in 0.011824 seconds.
Begin MonoManager ReloadAssembly
Native extension for LinuxStandalone target not found
Native extension for WindowsStandalone target not found
Native extension for OSXStandalone target not found
Native extension for WebGL target not found
Refreshing native plugins compatible for Editor in 1.46 ms, found 2 plugins.
Preloading 0 native plugins for Editor in 0.00 ms.
Mono: successfully reloaded assembly
- Completed reload, in  5.913 seconds
Platform modules already initialized, skipping
Refreshing native plugins compatible for Editor in 1.76 ms, found 2 plugins.
Preloading 0 native plugins for Editor in 0.00 ms.
Unloading 3612 Unused Serialized files (Serialized files now loaded: 0)
System memory in use before: 388.7 MB.
System memory in use after: 387.1 MB.

Unloading 47 unused Assets to reduce memory usage. Loaded Objects now: 4212.
Total: 12.720016 ms (FindLiveObjects: 0.705361 ms CreateObjectMapping: 0.359160 ms MarkObjects: 9.970448 ms  DeleteObjects: 1.681900 ms)

========================================================================
Received Prepare
Registering precompiled user dll's ...
Registered in 0.002538 seconds.
Begin MonoManager ReloadAssembly
Native extension for LinuxStandalone target not found
Native extension for WindowsStandalone target not found
Native extension for OSXStandalone target not found
Native extension for WebGL target not found
Refreshing native plugins compatible for Editor in 0.97 ms, found 2 plugins.
Preloading 0 native plugins for Editor in 0.00 ms.
Mono: successfully reloaded assembly
- Completed reload, in  2.095 seconds
Platform modules already initialized, skipping
Refreshing native plugins compatible for Editor in 1.10 ms, found 2 plugins.
Preloading 0 native plugins for Editor in 0.00 ms.
Unloading 3612 Unused Serialized files (Serialized files now loaded: 0)
System memory in use before: 389.1 MB.
System memory in use after: 387.5 MB.

Unloading 47 unused Assets to reduce memory usage. Loaded Objects now: 4215.
Total: 6.387880 ms (FindLiveObjects: 0.464786 ms CreateObjectMapping: 0.546855 ms MarkObjects: 4.318738 ms  DeleteObjects: 1.055228 ms)

========================================================================
Received Prepare
Registering precompiled user dll's ...
Registered in 0.023988 seconds.
Begin MonoManager ReloadAssembly
Native extension for LinuxStandalone target not found
Native extension for WindowsStandalone target not found
Native extension for OSXStandalone target not found
Native extension for WebGL target not found
Refreshing native plugins compatible for Editor in 0.96 ms, found 2 plugins.
Preloading 0 native plugins for Editor in 0.00 ms.
Mono: successfully reloaded assembly
- Completed reload, in  2.052 seconds
Platform modules already initialized, skipping
Refreshing native plugins compatible for Editor in 0.83 ms, found 2 plugins.
Preloading 0 native plugins for Editor in 0.00 ms.
Unloading 3612 Unused Serialized files (Serialized files now loaded: 0)
System memory in use before: 389.4 MB.
System memory in use after: 387.8 MB.

Unloading 47 unused Assets to reduce memory usage. Loaded Objects now: 4218.
Total: 5.150107 ms (FindLiveObjects: 0.559342 ms CreateObjectMapping: 0.300765 ms MarkObjects: 3.471317 ms  DeleteObjects: 0.816180 ms)

========================================================================
Received Prepare
Registering precompiled user dll's ...
Registered in 0.003033 seconds.
Begin MonoManager ReloadAssembly
Native extension for LinuxStandalone target not found
Native extension for WindowsStandalone target not found
Native extension for OSXStandalone target not found
Native extension for WebGL target not found
Refreshing native plugins compatible for Editor in 0.76 ms, found 2 plugins.
Preloading 0 native plugins for Editor in 0.00 ms.
Mono: successfully reloaded assembly
- Completed reload, in  1.935 seconds
Platform modules already initialized, skipping
Refreshing native plugins compatible for Editor in 0.82 ms, found 2 plugins.
Preloading 0 native plugins for Editor in 0.00 ms.
Unloading 3612 Unused Serialized files (Serialized files now loaded: 0)
System memory in use before: 389.8 MB.
System memory in use after: 388.2 MB.

Unloading 47 unused Assets to reduce memory usage. Loaded Objects now: 4221.
Total: 5.785118 ms (FindLiveObjects: 0.664672 ms CreateObjectMapping: 0.346150 ms MarkObjects: 3.952775 ms  DeleteObjects: 0.819463 ms)

========================================================================
Received Prepare
Registering precompiled user dll's ...
Registered in 0.003889 seconds.
Begin MonoManager ReloadAssembly
Native extension for LinuxStandalone target not found
Native extension for WindowsStandalone target not found
Native extension for OSXStandalone target not found
Native extension for WebGL target not found
Refreshing native plugins compatible for Editor in 0.80 ms, found 2 plugins.
Preloading 0 native plugins for Editor in 0.00 ms.
Mono: successfully reloaded assembly
- Completed reload, in  1.736 seconds
Platform modules already initialized, skipping
Refreshing native plugins compatible for Editor in 0.92 ms, found 2 plugins.
Preloading 0 native plugins for Editor in 0.00 ms.
Unloading 3612 Unused Serialized files (Serialized files now loaded: 0)
System memory in use before: 390.1 MB.
System memory in use after: 388.5 MB.

Unloading 47 unused Assets to reduce memory usage. Loaded Objects now: 4224.
Total: 5.862471 ms (FindLiveObjects: 0.377688 ms CreateObjectMapping: 0.251389 ms MarkObjects: 3.380562 ms  DeleteObjects: 1.851073 ms)

========================================================================
Received Prepare
Registering precompiled user dll's ...
Registered in 0.003163 seconds.
Begin MonoManager ReloadAssembly
Native extension for LinuxStandalone target not found
Native extension for WindowsStandalone target not found
Native extension for OSXStandalone target not found
Native extension for WebGL target not found
Refreshing native plugins compatible for Editor in 0.92 ms, found 2 plugins.
Preloading 0 native plugins for Editor in 0.00 ms.
Mono: successfully reloaded assembly
- Completed reload, in  1.734 seconds
Platform modules already initialized, skipping
Refreshing native plugins compatible for Editor in 1.66 ms, found 2 plugins.
Preloading 0 native plugins for Editor in 0.00 ms.
Unloading 3612 Unused Serialized files (Serialized files now loaded: 0)
System memory in use before: 390.4 MB.
System memory in use after: 388.8 MB.

Unloading 47 unused Assets to reduce memory usage. Loaded Objects now: 4227.
Total: 5.334574 ms (FindLiveObjects: 0.541363 ms CreateObjectMapping: 0.249955 ms MarkObjects: 3.796300 ms  DeleteObjects: 0.745686 ms)

========================================================================
Received Prepare
Registering precompiled user dll's ...
Registered in 0.007715 seconds.
Begin MonoManager ReloadAssembly
Native extension for LinuxStandalone target not found
Native extension for WindowsStandalone target not found
Native extension for OSXStandalone target not found
Native extension for WebGL target not found
Refreshing native plugins compatible for Editor in 0.80 ms, found 2 plugins.
Preloading 0 native plugins for Editor in 0.00 ms.
Mono: successfully reloaded assembly
- Completed reload, in  1.965 seconds
Platform modules already initialized, skipping
Refreshing native plugins compatible for Editor in 0.97 ms, found 2 plugins.
Preloading 0 native plugins for Editor in 0.00 ms.
Unloading 3612 Unused Serialized files (Serialized files now loaded: 0)
System memory in use before: 390.8 MB.
System memory in use after: 389.1 MB.

Unloading 47 unused Assets to reduce memory usage. Loaded Objects now: 4230.
Total: 6.338393 ms (FindLiveObjects: 0.470786 ms CreateObjectMapping: 0.232667 ms MarkObjects: 3.513380 ms  DeleteObjects: 2.117270 ms)

========================================================================
Received Import Request.
  Time since last request: 2382.627401 seconds.
  path: Assets/Sprites/New Piskel-1.png (4).png
  artifactKey: Guid(f7538431d2a7846319dd8f23fcbdab70) Importer(815301076,1909f56bfc062723c751e8b465ee728b)
Start importing Assets/Sprites/New Piskel-1.png (4).png using Guid(f7538431d2a7846319dd8f23fcbdab70) Importer(815301076,1909f56bfc062723c751e8b465ee728b)  -> (artifact id: '49b8d9e2e8240f55f33f4f49aa5d63a5') in 1.727655 seconds 
========================================================================
Received Import Request.
  Time since last request: 0.071179 seconds.
  path: Assets/Sprites/New Piskel (4)-1.png.png
  artifactKey: Guid(2f8e59f81512846c489c6faa03f273f6) Importer(815301076,1909f56bfc062723c751e8b465ee728b)
Start importing Assets/Sprites/New Piskel (4)-1.png.png using Guid(2f8e59f81512846c489c6faa03f273f6) Importer(815301076,1909f56bfc062723c751e8b465ee728b)  -> (artifact id: '67224e5a45b906bb2209c6f50745d673') in 0.018690 seconds 
========================================================================
Received Import Request.
  Time since last request: 0.050721 seconds.
  path: Assets/Sprites/New Piskel-1.png (3).png
  artifactKey: Guid(0af0c927889d64db09ad4fb17f426d4d) Importer(815301076,1909f56bfc062723c751e8b465ee728b)
Start importing Assets/Sprites/New Piskel-1.png (3).png using Guid(0af0c927889d64db09ad4fb17f426d4d) Importer(815301076,1909f56bfc062723c751e8b465ee728b)  -> (artifact id: '6abe0ac1485b9eeb120a360d45578064') in 0.022911 seconds 
========================================================================
Received Import Request.
  Time since last request: 0.059857 seconds.
  path: Assets/Sprites/tree-1.png.png
  artifactKey: Guid(bb4737a2087784adfa4030b8b4e8e630) Importer(815301076,1909f56bfc062723c751e8b465ee728b)
Start importing Assets/Sprites/tree-1.png.png using Guid(bb4737a2087784adfa4030b8b4e8e630) Importer(815301076,1909f56bfc062723c751e8b465ee728b)  -> (artifact id: 'b8457037ed481d2309b045abb1be1cc9') in 0.021483 seconds 
========================================================================
Received Import Request.
  Time since last request: 48.696762 seconds.
  path: Assets/Sprites/New Piskel (4)-1.png.png
  artifactKey: Guid(2f8e59f81512846c489c6faa03f273f6) Importer(815301076,1909f56bfc062723c751e8b465ee728b)
Start importing Assets/Sprites/New Piskel (4)-1.png.png using Guid(2f8e59f81512846c489c6faa03f273f6) Importer(815301076,1909f56bfc062723c751e8b465ee728b)  -> (artifact id: '98c0251a99d05fefb653088878a42e59') in 0.020377 seconds 
========================================================================
Received Import Request.
  Time since last request: 14.439355 seconds.
  path: Assets/Sprites/New Piskel-1.png (3).png
  artifactKey: Guid(0af0c927889d64db09ad4fb17f426d4d) Importer(815301076,1909f56bfc062723c751e8b465ee728b)
Start importing Assets/Sprites/New Piskel-1.png (3).png using Guid(0af0c927889d64db09ad4fb17f426d4d) Importer(815301076,1909f56bfc062723c751e8b465ee728b)  -> (artifact id: 'e738d9f827d21ba40a8a7178bc315791') in 0.025580 seconds 
========================================================================
Received Prepare
Registering precompiled user dll's ...
Registered in 0.003858 seconds.
Begin MonoManager ReloadAssembly
Native extension for LinuxStandalone target not found
Native extension for WindowsStandalone target not found
Native extension for OSXStandalone target not found
Native extension for WebGL target not found
Refreshing native plugins compatible for Editor in 0.76 ms, found 2 plugins.
Preloading 0 native plugins for Editor in 0.00 ms.
Mono: successfully reloaded assembly
- Completed reload, in  1.704 seconds
Platform modules already initialized, skipping
Refreshing native plugins compatible for Editor in 0.99 ms, found 2 plugins.
Preloading 0 native plugins for Editor in 0.00 ms.
Unloading 3616 Unused Serialized files (Serialized files now loaded: 0)
System memory in use before: 398.0 MB.
System memory in use after: 396.4 MB.

Unloading 47 unused Assets to reduce memory usage. Loaded Objects now: 4330.
Total: 4.492575 ms (FindLiveObjects: 0.455970 ms CreateObjectMapping: 0.255073 ms MarkObjects: 3.017653 ms  DeleteObjects: 0.760778 ms)

========================================================================
Received Prepare
Registering precompiled user dll's ...
Registered in 0.006814 seconds.
Begin MonoManager ReloadAssembly
Native extension for LinuxStandalone target not found
Native extension for WindowsStandalone target not found
Native extension for OSXStandalone target not found
Native extension for WebGL target not found
Refreshing native plugins compatible for Editor in 0.93 ms, found 2 plugins.
Preloading 0 native plugins for Editor in 0.00 ms.
Mono: successfully reloaded assembly
- Completed reload, in  1.746 seconds
Platform modules already initialized, skipping
Refreshing native plugins compatible for Editor in 0.86 ms, found 2 plugins.
Preloading 0 native plugins for Editor in 0.00 ms.
Unloading 3612 Unused Serialized files (Serialized files now loaded: 0)
System memory in use before: 398.1 MB.
System memory in use after: 396.5 MB.

Unloading 47 unused Assets to reduce memory usage. Loaded Objects now: 4333.
Total: 5.468629 ms (FindLiveObjects: 0.465142 ms CreateObjectMapping: 0.267369 ms MarkObjects: 3.520905 ms  DeleteObjects: 1.211336 ms)

========================================================================
Received Prepare
Registering precompiled user dll's ...
Registered in 0.002635 seconds.
Begin MonoManager ReloadAssembly
Native extension for LinuxStandalone target not found
Native extension for WindowsStandalone target not found
Native extension for OSXStandalone target not found
Native extension for WebGL target not found
Refreshing native plugins compatible for Editor in 0.78 ms, found 2 plugins.
Preloading 0 native plugins for Editor in 0.00 ms.
Mono: successfully reloaded assembly
- Completed reload, in  1.742 seconds
Platform modules already initialized, skipping
Refreshing native plugins compatible for Editor in 0.74 ms, found 2 plugins.
Preloading 0 native plugins for Editor in 0.00 ms.
Unloading 3612 Unused Serialized files (Serialized files now loaded: 0)
System memory in use before: 397.5 MB.
System memory in use after: 395.9 MB.

Unloading 47 unused Assets to reduce memory usage. Loaded Objects now: 4336.
Total: 4.758135 ms (FindLiveObjects: 0.384342 ms CreateObjectMapping: 0.282657 ms MarkObjects: 3.336716 ms  DeleteObjects: 0.751540 ms)

========================================================================
Received Prepare
Registering precompiled user dll's ...
Registered in 0.006549 seconds.
Begin MonoManager ReloadAssembly
Native extension for LinuxStandalone target not found
Native extension for WindowsStandalone target not found
Native extension for OSXStandalone target not found
Native extension for WebGL target not found
Refreshing native plugins compatible for Editor in 0.75 ms, found 2 plugins.
Preloading 0 native plugins for Editor in 0.00 ms.
Mono: successfully reloaded assembly
- Completed reload, in  1.987 seconds
Platform modules already initialized, skipping
Refreshing native plugins compatible for Editor in 2.93 ms, found 2 plugins.
Preloading 0 native plugins for Editor in 0.00 ms.
Unloading 3612 Unused Serialized files (Serialized files now loaded: 0)
System memory in use before: 397.9 MB.
System memory in use after: 396.3 MB.

Unloading 47 unused Assets to reduce memory usage. Loaded Objects now: 4339.
Total: 6.332194 ms (FindLiveObjects: 0.665107 ms CreateObjectMapping: 0.362515 ms MarkObjects: 4.288910 ms  DeleteObjects: 1.010113 ms)

========================================================================
Received Prepare
Registering precompiled user dll's ...
Registered in 0.003570 seconds.
Begin MonoManager ReloadAssembly
Native extension for LinuxStandalone target not found
Native extension for WindowsStandalone target not found
Native extension for OSXStandalone target not found
Native extension for WebGL target not found
Refreshing native plugins compatible for Editor in 0.86 ms, found 2 plugins.
Preloading 0 native plugins for Editor in 0.00 ms.
Mono: successfully reloaded assembly
- Completed reload, in  1.955 seconds
Platform modules already initialized, skipping
Refreshing native plugins compatible for Editor in 0.90 ms, found 2 plugins.
Preloading 0 native plugins for Editor in 0.00 ms.
Unloading 3492 Unused Serialized files (Serialized files now loaded: 0)
System memory in use before: 391.4 MB.
System memory in use after: 391.5 MB.

Unloading 77 unused Assets to reduce memory usage. Loaded Objects now: 4285.
Total: 4.582283 ms (FindLiveObjects: 0.596514 ms CreateObjectMapping: 0.303530 ms MarkObjects: 3.506478 ms  DeleteObjects: 0.174109 ms)

========================================================================
Received Prepare
Registering precompiled user dll's ...
Registered in 0.002793 seconds.
Begin MonoManager ReloadAssembly
Native extension for LinuxStandalone target not found
Native extension for WindowsStandalone target not found
Native extension for OSXStandalone target not found
Native extension for WebGL target not found
Refreshing native plugins compatible for Editor in 0.75 ms, found 2 plugins.
Preloading 0 native plugins for Editor in 0.00 ms.
Mono: successfully reloaded assembly
- Completed reload, in  1.716 seconds
Platform modules already initialized, skipping
Refreshing native plugins compatible for Editor in 0.74 ms, found 2 plugins.
Preloading 0 native plugins for Editor in 0.00 ms.
Unloading 3492 Unused Serialized files (Serialized files now loaded: 0)
System memory in use before: 391.2 MB.
System memory in use after: 391.3 MB.

Unloading 20 unused Assets to reduce memory usage. Loaded Objects now: 4288.
Total: 3.889048 ms (FindLiveObjects: 0.433247 ms CreateObjectMapping: 0.204050 ms MarkObjects: 3.100268 ms  DeleteObjects: 0.149684 ms)

